  [1m[35m (184.7ms)[0m  [1m[35mCREATE DATABASE "cats99_development" ENCODING = 'unicode'[0m
  ↳ bin/rails:9
  [1m[35m (102.0ms)[0m  [1m[35mCREATE DATABASE "cats99_test" ENCODING = 'unicode'[0m
  ↳ bin/rails:9
  [1m[35m (15.3ms)[0m  [1m[35mCREATE TABLE "schema_migrations" ("version" character varying NOT NULL PRIMARY KEY)[0m
  ↳ bin/rails:9
  [1m[35m (5.8ms)[0m  [1m[35mCREATE TABLE "ar_internal_metadata" ("key" character varying NOT NULL PRIMARY KEY, "value" character varying, "created_at" timestamp NOT NULL, "updated_at" timestamp NOT NULL)[0m
  ↳ bin/rails:9
  [1m[35m (0.3ms)[0m  [1m[34mSELECT pg_try_advisory_lock(7809834472913233005)[0m
  ↳ bin/rails:9
  [1m[35m (0.5ms)[0m  [1m[34mSELECT "schema_migrations"."version" FROM "schema_migrations" ORDER BY "schema_migrations"."version" ASC[0m
  ↳ bin/rails:9
Migrating to CreateCats (20200814180409)
  [1m[35m (0.1ms)[0m  [1m[35mBEGIN[0m
  ↳ bin/rails:9
  [1m[35m (12.2ms)[0m  [1m[35mCREATE TABLE "cats" ("id" bigserial primary key, "birth_date" date NOT NULL, "color" character varying NOT NULL, "name" character varying NOT NULL, "sex" character varying(1) NOT NULL, "description" text, "created_at" timestamp NOT NULL, "updated_at" timestamp NOT NULL)[0m
  ↳ db/migrate/20200814180409_create_cats.rb:3
  [1m[36mActiveRecord::SchemaMigration Create (0.6ms)[0m  [1m[32mINSERT INTO "schema_migrations" ("version") VALUES ($1) RETURNING "version"[0m  [["version", "20200814180409"]]
  ↳ bin/rails:9
  [1m[35m (0.4ms)[0m  [1m[35mCOMMIT[0m
  ↳ bin/rails:9
  [1m[36mActiveRecord::InternalMetadata Load (0.5ms)[0m  [1m[34mSELECT  "ar_internal_metadata".* FROM "ar_internal_metadata" WHERE "ar_internal_metadata"."key" = $1 LIMIT $2[0m  [["key", "environment"], ["LIMIT", 1]]
  ↳ bin/rails:9
  [1m[35m (0.1ms)[0m  [1m[35mBEGIN[0m
  ↳ bin/rails:9
  [1m[36mActiveRecord::InternalMetadata Create (0.4ms)[0m  [1m[32mINSERT INTO "ar_internal_metadata" ("key", "value", "created_at", "updated_at") VALUES ($1, $2, $3, $4) RETURNING "key"[0m  [["key", "environment"], ["value", "development"], ["created_at", "2020-08-14 18:10:31.664962"], ["updated_at", "2020-08-14 18:10:31.664962"]]
  ↳ bin/rails:9
  [1m[35m (0.2ms)[0m  [1m[35mCOMMIT[0m
  ↳ bin/rails:9
  [1m[35m (0.2ms)[0m  [1m[34mSELECT pg_advisory_unlock(7809834472913233005)[0m
  ↳ bin/rails:9
  [1m[35m (0.3ms)[0m  [1m[34mSELECT "schema_migrations"."version" FROM "schema_migrations" ORDER BY "schema_migrations"."version" ASC[0m
  ↳ bin/rails:9
  [1m[35m (0.8ms)[0m  [1m[34mSELECT "schema_migrations"."version" FROM "schema_migrations" ORDER BY "schema_migrations"."version" ASC[0m
  ↳ bin/rails:9
  [1m[35m (0.7ms)[0m  [1m[34mSELECT "schema_migrations"."version" FROM "schema_migrations" ORDER BY "schema_migrations"."version" ASC[0m
  ↳ /Users/ross/.rvm/gems/ruby-2.5.1/bin/annotate:23
  [1m[35m (0.2ms)[0m  [1m[35mBEGIN[0m
  [1m[35m (0.2ms)[0m  [1m[31mROLLBACK[0m
Started GET "/" for ::1 at 2020-08-14 15:24:10 -0400
  [1m[35m (1.0ms)[0m  [1m[34mSELECT "schema_migrations"."version" FROM "schema_migrations" ORDER BY "schema_migrations"."version" ASC[0m
  ↳ /Users/ross/.rvm/gems/ruby-2.5.1/gems/activerecord-5.2.4.3/lib/active_record/log_subscriber.rb:98
Processing by Rails::WelcomeController#index as HTML
  Rendering /Users/ross/.rvm/gems/ruby-2.5.1/gems/railties-5.2.4.3/lib/rails/templates/rails/welcome/index.html.erb
  Rendered /Users/ross/.rvm/gems/ruby-2.5.1/gems/railties-5.2.4.3/lib/rails/templates/rails/welcome/index.html.erb (3.6ms)
Completed 200 OK in 19ms (Views: 10.5ms | ActiveRecord: 0.0ms)


Started GET "/cats" for ::1 at 2020-08-14 15:24:14 -0400
Processing by CatsController#index as HTML
  Rendering cats/index.html.erb within layouts/application
  [1m[36mCat Load (3.7ms)[0m  [1m[34mSELECT "cats".* FROM "cats"[0m
  ↳ app/views/cats/index.html.erb:4
  Rendered cats/index.html.erb within layouts/application (7.6ms)
Completed 200 OK in 421ms (Views: 412.8ms | ActiveRecord: 5.6ms)


Started GET "/cats/1" for ::1 at 2020-08-14 15:25:05 -0400
Processing by CatsController#show as HTML
  Parameters: {"id"=>"1"}
  Rendering cats/show.html.erb within layouts/application
  [1m[36mCat Load (0.4ms)[0m  [1m[34mSELECT  "cats".* FROM "cats" WHERE "cats"."id" = $1 LIMIT $2[0m  [["id", nil], ["LIMIT", 1]]
  ↳ app/views/cats/show.html.erb:1
  Rendered cats/show.html.erb within layouts/application (27.9ms)
Completed 500 Internal Server Error in 42ms (ActiveRecord: 5.8ms)



ActionView::Template::Error - Couldn't find Cat with 'id'=id:
  app/views/cats/show.html.erb:1:in `view template'

Started POST "/__better_errors/e00afabeac5a237e/variables" for ::1 at 2020-08-14 15:25:06 -0400
  [1m[35m (0.8ms)[0m  [1m[34mSELECT "schema_migrations"."version" FROM "schema_migrations" ORDER BY "schema_migrations"."version" ASC[0m
  ↳ bin/rails:9
  [1m[36mCat Load (0.4ms)[0m  [1m[34mSELECT "cats".* FROM "cats"[0m
  ↳ db/seeds.rb:17
  [1m[35m (0.1ms)[0m  [1m[35mBEGIN[0m
  ↳ db/seeds.rb:18
  [1m[36mCat Create (2.9ms)[0m  [1m[32mINSERT INTO "cats" ("birth_date", "color", "name", "sex", "description", "created_at", "updated_at") VALUES ($1, $2, $3, $4, $5, $6, $7) RETURNING "id"[0m  [["birth_date", "2008-11-04"], ["color", "black"], ["name", "Cookie"], ["sex", "F"], ["description", "So nice and furry."], ["created_at", "2020-08-14 19:34:12.992195"], ["updated_at", "2020-08-14 19:34:12.992195"]]
  ↳ db/seeds.rb:18
  [1m[35m (0.7ms)[0m  [1m[35mCOMMIT[0m
  ↳ db/seeds.rb:18
  [1m[35m (16.6ms)[0m  [1m[35mBEGIN[0m
  ↳ db/seeds.rb:18
  [1m[36mCat Create (0.3ms)[0m  [1m[32mINSERT INTO "cats" ("birth_date", "color", "name", "sex", "description", "created_at", "updated_at") VALUES ($1, $2, $3, $4, $5, $6, $7) RETURNING "id"[0m  [["birth_date", "2005-05-24"], ["color", "orange"], ["name", "Mr. Whiskers"], ["sex", "M"], ["description", "Fat, plump, and hungry"], ["created_at", "2020-08-14 19:34:13.014192"], ["updated_at", "2020-08-14 19:34:13.014192"]]
  ↳ db/seeds.rb:18
  [1m[35m (0.3ms)[0m  [1m[35mCOMMIT[0m
  ↳ db/seeds.rb:18
  [1m[35m (0.1ms)[0m  [1m[35mBEGIN[0m
  ↳ db/seeds.rb:18
  [1m[36mCat Create (0.2ms)[0m  [1m[32mINSERT INTO "cats" ("birth_date", "color", "name", "sex", "description", "created_at", "updated_at") VALUES ($1, $2, $3, $4, $5, $6, $7) RETURNING "id"[0m  [["birth_date", "2015-07-12"], ["color", "white"], ["name", "Cynthia"], ["sex", "F"], ["description", "Playful but clingy"], ["created_at", "2020-08-14 19:34:13.015942"], ["updated_at", "2020-08-14 19:34:13.015942"]]
  ↳ db/seeds.rb:18
  [1m[35m (0.2ms)[0m  [1m[35mCOMMIT[0m
  ↳ db/seeds.rb:18
  [1m[35m (0.1ms)[0m  [1m[35mBEGIN[0m
  ↳ db/seeds.rb:18
  [1m[36mCat Create (0.2ms)[0m  [1m[32mINSERT INTO "cats" ("birth_date", "color", "name", "sex", "description", "created_at", "updated_at") VALUES ($1, $2, $3, $4, $5, $6, $7) RETURNING "id"[0m  [["birth_date", "2013-12-31"], ["color", "gray"], ["name", "Momo"], ["sex", "F"], ["description", "Skinny and quiet."], ["created_at", "2020-08-14 19:34:13.017390"], ["updated_at", "2020-08-14 19:34:13.017390"]]
  ↳ db/seeds.rb:18
  [1m[35m (0.2ms)[0m  [1m[35mCOMMIT[0m
  ↳ db/seeds.rb:18
  [1m[35m (0.1ms)[0m  [1m[35mBEGIN[0m
  ↳ db/seeds.rb:18
  [1m[36mCat Create (0.3ms)[0m  [1m[32mINSERT INTO "cats" ("birth_date", "color", "name", "sex", "description", "created_at", "updated_at") VALUES ($1, $2, $3, $4, $5, $6, $7) RETURNING "id"[0m  [["birth_date", "2018-01-05"], ["color", "brown"], ["name", "Tofu"], ["sex", "M"], ["description", "Very cuddly."], ["created_at", "2020-08-14 19:34:13.018953"], ["updated_at", "2020-08-14 19:34:13.018953"]]
  ↳ db/seeds.rb:18
  [1m[35m (0.2ms)[0m  [1m[35mCOMMIT[0m
  ↳ db/seeds.rb:18
  [1m[36mCat Load (0.6ms)[0m  [1m[34mSELECT "cats".* FROM "cats"[0m
Started GET "/cats" for 127.0.0.1 at 2020-08-14 15:36:04 -0400
Started GET "/cats/1" for 127.0.0.1 at 2020-08-14 15:36:04 -0400
  [1m[35m (0.8ms)[0m  [1m[34mSELECT "schema_migrations"."version" FROM "schema_migrations" ORDER BY "schema_migrations"."version" ASC[0m
  ↳ /Users/ross/.rvm/gems/ruby-2.5.1/gems/activerecord-5.2.4.3/lib/active_record/log_subscriber.rb:98
  [1m[35m (0.8ms)[0m  [1m[34mSELECT "schema_migrations"."version" FROM "schema_migrations" ORDER BY "schema_migrations"."version" ASC[0m
  ↳ /Users/ross/.rvm/gems/ruby-2.5.1/gems/activerecord-5.2.4.3/lib/active_record/log_subscriber.rb:98
Processing by CatsController#index as HTML
Processing by CatsController#show as HTML
  Parameters: {"id"=>"1"}
  Rendering cats/show.html.erb within layouts/application
  Rendering cats/index.html.erb within layouts/application
  [1m[36mCat Load (18.4ms)[0m  [1m[34mSELECT "cats".* FROM "cats"[0m
  ↳ app/views/cats/index.html.erb:4
  Rendered cats/index.html.erb within layouts/application (49.7ms)
  [1m[36mCat Load (163.4ms)[0m  [1m[34mSELECT  "cats".* FROM "cats" WHERE "cats"."id" = $1 LIMIT $2[0m  [["id", nil], ["LIMIT", 1]]
  ↳ app/views/cats/show.html.erb:1
  Rendered cats/show.html.erb within layouts/application (244.5ms)
Completed 500 Internal Server Error in 274ms (ActiveRecord: 211.3ms)



ActionView::Template::Error - Couldn't find Cat with 'id'=id:
  app/views/cats/show.html.erb:1:in `view template'

Completed 200 OK in 332ms (Views: 257.0ms | ActiveRecord: 30.1ms)


Started GET "/cats/1" for 127.0.0.1 at 2020-08-14 15:36:09 -0400
Processing by CatsController#show as HTML
  Parameters: {"id"=>"1"}
  Rendering cats/show.html.erb within layouts/application
  [1m[36mCat Load (0.5ms)[0m  [1m[34mSELECT  "cats".* FROM "cats" WHERE "cats"."id" = $1 LIMIT $2[0m  [["id", nil], ["LIMIT", 1]]
  ↳ app/views/cats/show.html.erb:1
  Rendered cats/show.html.erb within layouts/application (10.9ms)
Completed 500 Internal Server Error in 24ms (ActiveRecord: 4.8ms)



ActionView::Template::Error - Couldn't find Cat with 'id'=id:
  app/views/cats/show.html.erb:1:in `view template'

Started POST "/__better_errors/3d30e0f9a5d1671f/variables" for 127.0.0.1 at 2020-08-14 15:36:10 -0400
Started GET "/cats/" for ::1 at 2020-08-14 15:36:13 -0400
Processing by CatsController#index as HTML
  Rendering cats/index.html.erb within layouts/application
  [1m[36mCat Load (0.4ms)[0m  [1m[34mSELECT "cats".* FROM "cats"[0m
  ↳ app/views/cats/index.html.erb:4
  Rendered cats/index.html.erb within layouts/application (2.5ms)
Completed 200 OK in 20ms (Views: 17.4ms | ActiveRecord: 0.4ms)


Started GET "/cats/1" for ::1 at 2020-08-14 15:36:14 -0400
Processing by CatsController#show as HTML
  Parameters: {"id"=>"1"}
  Rendering cats/show.html.erb within layouts/application
  [1m[36mCat Load (12.8ms)[0m  [1m[34mSELECT  "cats".* FROM "cats" WHERE "cats"."id" = $1 LIMIT $2[0m  [["id", nil], ["LIMIT", 1]]
  ↳ app/views/cats/show.html.erb:1
  Rendered cats/show.html.erb within layouts/application (18.3ms)
Completed 500 Internal Server Error in 31ms (ActiveRecord: 12.8ms)



ActionView::Template::Error - Couldn't find Cat with 'id'=id:
  app/views/cats/show.html.erb:1:in `view template'

Started POST "/__better_errors/bae187f1c06b8830/variables" for ::1 at 2020-08-14 15:36:14 -0400
Started GET "/cats/2" for ::1 at 2020-08-14 15:36:17 -0400
Processing by CatsController#show as HTML
  Parameters: {"id"=>"2"}
  Rendering cats/show.html.erb within layouts/application
  [1m[36mCat Load (13.0ms)[0m  [1m[34mSELECT  "cats".* FROM "cats" WHERE "cats"."id" = $1 LIMIT $2[0m  [["id", nil], ["LIMIT", 1]]
  ↳ app/views/cats/show.html.erb:1
  Rendered cats/show.html.erb within layouts/application (23.8ms)
Completed 500 Internal Server Error in 36ms (ActiveRecord: 13.0ms)



ActionView::Template::Error - Couldn't find Cat with 'id'=id:
  app/views/cats/show.html.erb:1:in `view template'

Started POST "/__better_errors/baab10b1ff225607/variables" for ::1 at 2020-08-14 15:36:17 -0400
Started GET "/cats/2" for 127.0.0.1 at 2020-08-14 15:36:18 -0400
Processing by CatsController#show as HTML
  Parameters: {"id"=>"2"}
  Rendering cats/show.html.erb within layouts/application
  [1m[36mCat Load (0.3ms)[0m  [1m[34mSELECT  "cats".* FROM "cats" WHERE "cats"."id" = $1 LIMIT $2[0m  [["id", nil], ["LIMIT", 1]]
  ↳ app/views/cats/show.html.erb:1
  Rendered cats/show.html.erb within layouts/application (7.7ms)
Completed 500 Internal Server Error in 19ms (ActiveRecord: 0.3ms)



ActionView::Template::Error - Couldn't find Cat with 'id'=id:
  app/views/cats/show.html.erb:1:in `view template'

Started POST "/__better_errors/cb696878bc57e291/variables" for 127.0.0.1 at 2020-08-14 15:36:18 -0400
Started GET "/cats/3" for ::1 at 2020-08-14 15:36:19 -0400
Processing by CatsController#show as HTML
  Parameters: {"id"=>"3"}
  Rendering cats/show.html.erb within layouts/application
  [1m[36mCat Load (0.5ms)[0m  [1m[34mSELECT  "cats".* FROM "cats" WHERE "cats"."id" = $1 LIMIT $2[0m  [["id", nil], ["LIMIT", 1]]
  ↳ app/views/cats/show.html.erb:1
  Rendered cats/show.html.erb within layouts/application (7.2ms)
Completed 500 Internal Server Error in 20ms (ActiveRecord: 0.5ms)



ActionView::Template::Error - Couldn't find Cat with 'id'=id:
  app/views/cats/show.html.erb:1:in `view template'

Started POST "/__better_errors/d3923a29a9d5e6c7/variables" for ::1 at 2020-08-14 15:36:19 -0400
Started GET "/cats/4" for ::1 at 2020-08-14 15:36:21 -0400
Processing by CatsController#show as HTML
  Parameters: {"id"=>"4"}
  Rendering cats/show.html.erb within layouts/application
  [1m[36mCat Load (0.3ms)[0m  [1m[34mSELECT  "cats".* FROM "cats" WHERE "cats"."id" = $1 LIMIT $2[0m  [["id", nil], ["LIMIT", 1]]
  ↳ app/views/cats/show.html.erb:1
  Rendered cats/show.html.erb within layouts/application (7.4ms)
Completed 500 Internal Server Error in 20ms (ActiveRecord: 0.3ms)



ActionView::Template::Error - Couldn't find Cat with 'id'=id:
  app/views/cats/show.html.erb:1:in `view template'

Started POST "/__better_errors/e306ee1fcdc00b84/variables" for ::1 at 2020-08-14 15:36:21 -0400
Started GET "/cats/5" for ::1 at 2020-08-14 15:36:24 -0400
Processing by CatsController#show as HTML
  Parameters: {"id"=>"5"}
  Rendering cats/show.html.erb within layouts/application
  [1m[36mCat Load (7.3ms)[0m  [1m[34mSELECT  "cats".* FROM "cats" WHERE "cats"."id" = $1 LIMIT $2[0m  [["id", nil], ["LIMIT", 1]]
  ↳ app/views/cats/show.html.erb:1
  Rendered cats/show.html.erb within layouts/application (12.2ms)
Completed 500 Internal Server Error in 25ms (ActiveRecord: 7.3ms)



ActionView::Template::Error - Couldn't find Cat with 'id'=id:
  app/views/cats/show.html.erb:1:in `view template'

Started POST "/__better_errors/1c42288f82b4f8e2/variables" for ::1 at 2020-08-14 15:36:24 -0400
Started GET "/cats" for 127.0.0.1 at 2020-08-14 15:41:23 -0400
Processing by CatsController#index as HTML
  Rendering cats/index.html.erb within layouts/application
  [1m[36mCat Load (6.2ms)[0m  [1m[34mSELECT "cats".* FROM "cats"[0m
  ↳ app/views/cats/index.html.erb:4
  Rendered cats/index.html.erb within layouts/application (16.8ms)
Completed 200 OK in 33ms (Views: 21.6ms | ActiveRecord: 8.7ms)


Started GET "/cats/" for ::1 at 2020-08-14 15:41:39 -0400
Processing by CatsController#index as HTML
  Rendering cats/index.html.erb within layouts/application
  [1m[36mCat Load (0.3ms)[0m  [1m[34mSELECT "cats".* FROM "cats"[0m
  ↳ app/views/cats/index.html.erb:4
  Rendered cats/index.html.erb within layouts/application (1.9ms)
Completed 200 OK in 18ms (Views: 16.6ms | ActiveRecord: 0.3ms)


Started GET "/cats" for 127.0.0.1 at 2020-08-14 15:41:52 -0400
Processing by CatsController#index as HTML
  Rendering cats/index.html.erb within layouts/application
  [1m[36mCat Load (0.4ms)[0m  [1m[34mSELECT "cats".* FROM "cats"[0m
  ↳ app/views/cats/index.html.erb:4
  Rendered cats/index.html.erb within layouts/application (1.7ms)
Completed 200 OK in 15ms (Views: 14.4ms | ActiveRecord: 0.4ms)


Started GET "/cats/" for ::1 at 2020-08-14 15:41:53 -0400
Processing by CatsController#index as HTML
  Rendering cats/index.html.erb within layouts/application
  [1m[36mCat Load (0.3ms)[0m  [1m[34mSELECT "cats".* FROM "cats"[0m
  ↳ app/views/cats/index.html.erb:4
  Rendered cats/index.html.erb within layouts/application (1.8ms)
Completed 200 OK in 17ms (Views: 16.2ms | ActiveRecord: 0.3ms)


Started GET "/cats/1" for ::1 at 2020-08-14 15:41:55 -0400
Processing by CatsController#show as HTML
  Parameters: {"id"=>"1"}
  [1m[36mCat Load (0.4ms)[0m  [1m[34mSELECT  "cats".* FROM "cats" WHERE "cats"."id" = $1 LIMIT $2[0m  [["id", 1], ["LIMIT", 1]]
  ↳ app/controllers/cats_controller.rb:8
  Rendering cats/show.html.erb within layouts/application
  [1m[36mCat Load (0.4ms)[0m  [1m[34mSELECT  "cats".* FROM "cats" WHERE "cats"."id" = $1 LIMIT $2[0m  [["id", nil], ["LIMIT", 1]]
  ↳ app/views/cats/show.html.erb:1
  Rendered cats/show.html.erb within layouts/application (7.3ms)
Completed 500 Internal Server Error in 20ms (ActiveRecord: 0.8ms)



ActionView::Template::Error - Couldn't find Cat with 'id'=id:
  app/views/cats/show.html.erb:1:in `view template'
  app/controllers/cats_controller.rb:9:in `show'

Started POST "/__better_errors/02f83df0f7c2bc79/variables" for ::1 at 2020-08-14 15:41:55 -0400
Started GET "/cats/2" for ::1 at 2020-08-14 15:41:58 -0400
Processing by CatsController#show as HTML
  Parameters: {"id"=>"2"}
  [1m[36mCat Load (15.8ms)[0m  [1m[34mSELECT  "cats".* FROM "cats" WHERE "cats"."id" = $1 LIMIT $2[0m  [["id", 2], ["LIMIT", 1]]
  ↳ app/controllers/cats_controller.rb:8
  Rendering cats/show.html.erb within layouts/application
  [1m[36mCat Load (0.3ms)[0m  [1m[34mSELECT  "cats".* FROM "cats" WHERE "cats"."id" = $1 LIMIT $2[0m  [["id", nil], ["LIMIT", 1]]
  ↳ app/views/cats/show.html.erb:1
  Rendered cats/show.html.erb within layouts/application (5.9ms)
Completed 500 Internal Server Error in 33ms (ActiveRecord: 16.1ms)



ActionView::Template::Error - Couldn't find Cat with 'id'=id:
  app/views/cats/show.html.erb:1:in `view template'
  app/controllers/cats_controller.rb:9:in `show'

Started POST "/__better_errors/32c0ce1e8179bb31/variables" for ::1 at 2020-08-14 15:41:58 -0400
Started GET "/cats/1" for 127.0.0.1 at 2020-08-14 15:42:00 -0400
Processing by CatsController#show as HTML
  Parameters: {"id"=>"1"}
  [1m[36mCat Load (16.6ms)[0m  [1m[34mSELECT  "cats".* FROM "cats" WHERE "cats"."id" = $1 LIMIT $2[0m  [["id", 1], ["LIMIT", 1]]
  ↳ app/controllers/cats_controller.rb:8
  Rendering cats/show.html.erb within layouts/application
  [1m[36mCat Load (0.2ms)[0m  [1m[34mSELECT  "cats".* FROM "cats" WHERE "cats"."id" = $1 LIMIT $2[0m  [["id", nil], ["LIMIT", 1]]
  ↳ app/views/cats/show.html.erb:1
  Rendered cats/show.html.erb within layouts/application (6.6ms)
Completed 500 Internal Server Error in 37ms (ActiveRecord: 16.8ms)



ActionView::Template::Error - Couldn't find Cat with 'id'=id:
  app/views/cats/show.html.erb:1:in `view template'
  app/controllers/cats_controller.rb:9:in `show'

Started POST "/__better_errors/f2d1c2be2bbdfc30/variables" for 127.0.0.1 at 2020-08-14 15:42:00 -0400
Started GET "/cats/4" for ::1 at 2020-08-14 15:42:01 -0400
Processing by CatsController#show as HTML
  Parameters: {"id"=>"4"}
  [1m[36mCat Load (0.4ms)[0m  [1m[34mSELECT  "cats".* FROM "cats" WHERE "cats"."id" = $1 LIMIT $2[0m  [["id", 4], ["LIMIT", 1]]
  ↳ app/controllers/cats_controller.rb:8
  Rendering cats/show.html.erb within layouts/application
  [1m[36mCat Load (0.3ms)[0m  [1m[34mSELECT  "cats".* FROM "cats" WHERE "cats"."id" = $1 LIMIT $2[0m  [["id", nil], ["LIMIT", 1]]
  ↳ app/views/cats/show.html.erb:1
  Rendered cats/show.html.erb within layouts/application (7.1ms)
Completed 500 Internal Server Error in 22ms (ActiveRecord: 0.8ms)



ActionView::Template::Error - Couldn't find Cat with 'id'=id:
  app/views/cats/show.html.erb:1:in `view template'
  app/controllers/cats_controller.rb:9:in `show'

Started POST "/__better_errors/1fc2557ecdb87dd2/variables" for ::1 at 2020-08-14 15:42:01 -0400
Started GET "/cats/5" for ::1 at 2020-08-14 15:42:03 -0400
Processing by CatsController#show as HTML
  Parameters: {"id"=>"5"}
  [1m[36mCat Load (0.3ms)[0m  [1m[34mSELECT  "cats".* FROM "cats" WHERE "cats"."id" = $1 LIMIT $2[0m  [["id", 5], ["LIMIT", 1]]
  ↳ app/controllers/cats_controller.rb:8
  Rendering cats/show.html.erb within layouts/application
  [1m[36mCat Load (12.3ms)[0m  [1m[34mSELECT  "cats".* FROM "cats" WHERE "cats"."id" = $1 LIMIT $2[0m  [["id", nil], ["LIMIT", 1]]
  ↳ app/views/cats/show.html.erb:1
  Rendered cats/show.html.erb within layouts/application (21.7ms)
Completed 500 Internal Server Error in 36ms (ActiveRecord: 12.6ms)



ActionView::Template::Error - Couldn't find Cat with 'id'=id:
  app/views/cats/show.html.erb:1:in `view template'
  app/controllers/cats_controller.rb:9:in `show'

Started POST "/__better_errors/e7bc202a1f1e44d0/variables" for ::1 at 2020-08-14 15:42:03 -0400
Started GET "/cats" for 127.0.0.1 at 2020-08-14 15:42:58 -0400
Processing by CatsController#index as HTML
  Rendering cats/index.html.erb within layouts/application
  [1m[36mCat Load (0.4ms)[0m  [1m[34mSELECT "cats".* FROM "cats"[0m
  ↳ app/views/cats/index.html.erb:4
  Rendered cats/index.html.erb within layouts/application (11.2ms)
Completed 200 OK in 25ms (Views: 24.2ms | ActiveRecord: 0.4ms)


Started GET "/cats/1" for 127.0.0.1 at 2020-08-14 15:42:59 -0400
Processing by CatsController#show as HTML
  Parameters: {"id"=>"1"}
  [1m[36mCat Load (0.3ms)[0m  [1m[34mSELECT  "cats".* FROM "cats" WHERE "cats"."id" = $1 LIMIT $2[0m  [["id", 1], ["LIMIT", 1]]
  ↳ app/controllers/cats_controller.rb:8
  Rendering cats/show.html.erb within layouts/application
  Rendered cats/show.html.erb within layouts/application (0.4ms)
Completed 200 OK in 13ms (Views: 12.0ms | ActiveRecord: 0.3ms)


Started GET "/cats/" for ::1 at 2020-08-14 15:43:01 -0400
Processing by CatsController#index as HTML
  Rendering cats/index.html.erb within layouts/application
  [1m[36mCat Load (0.3ms)[0m  [1m[34mSELECT "cats".* FROM "cats"[0m
  ↳ app/views/cats/index.html.erb:4
  Rendered cats/index.html.erb within layouts/application (1.9ms)
Completed 200 OK in 16ms (Views: 14.8ms | ActiveRecord: 0.3ms)


Started GET "/cats/1" for ::1 at 2020-08-14 15:43:02 -0400
Processing by CatsController#show as HTML
  Parameters: {"id"=>"1"}
  [1m[36mCat Load (0.2ms)[0m  [1m[34mSELECT  "cats".* FROM "cats" WHERE "cats"."id" = $1 LIMIT $2[0m  [["id", 1], ["LIMIT", 1]]
  ↳ app/controllers/cats_controller.rb:8
  Rendering cats/show.html.erb within layouts/application
  Rendered cats/show.html.erb within layouts/application (0.3ms)
Completed 200 OK in 14ms (Views: 12.4ms | ActiveRecord: 0.2ms)


Started GET "/cats/2" for ::1 at 2020-08-14 15:43:05 -0400
Processing by CatsController#show as HTML
  Parameters: {"id"=>"2"}
  [1m[36mCat Load (0.4ms)[0m  [1m[34mSELECT  "cats".* FROM "cats" WHERE "cats"."id" = $1 LIMIT $2[0m  [["id", 2], ["LIMIT", 1]]
  ↳ app/controllers/cats_controller.rb:8
  Rendering cats/show.html.erb within layouts/application
  Rendered cats/show.html.erb within layouts/application (0.4ms)
Completed 200 OK in 15ms (Views: 13.3ms | ActiveRecord: 0.4ms)


Started GET "/cats/3" for ::1 at 2020-08-14 15:43:07 -0400
Processing by CatsController#show as HTML
  Parameters: {"id"=>"3"}
  [1m[36mCat Load (0.4ms)[0m  [1m[34mSELECT  "cats".* FROM "cats" WHERE "cats"."id" = $1 LIMIT $2[0m  [["id", 3], ["LIMIT", 1]]
  ↳ app/controllers/cats_controller.rb:8
  Rendering cats/show.html.erb within layouts/application
  Rendered cats/show.html.erb within layouts/application (0.4ms)
Completed 200 OK in 17ms (Views: 14.9ms | ActiveRecord: 0.4ms)


Started GET "/cats/4" for ::1 at 2020-08-14 15:43:10 -0400
Processing by CatsController#show as HTML
  Parameters: {"id"=>"4"}
  [1m[36mCat Load (0.8ms)[0m  [1m[34mSELECT  "cats".* FROM "cats" WHERE "cats"."id" = $1 LIMIT $2[0m  [["id", 4], ["LIMIT", 1]]
  ↳ app/controllers/cats_controller.rb:8
  Rendering cats/show.html.erb within layouts/application
  Rendered cats/show.html.erb within layouts/application (0.3ms)
Completed 200 OK in 18ms (Views: 15.5ms | ActiveRecord: 0.8ms)


Started GET "/cats/5" for ::1 at 2020-08-14 15:43:12 -0400
Processing by CatsController#show as HTML
  Parameters: {"id"=>"5"}
  [1m[36mCat Load (0.8ms)[0m  [1m[34mSELECT  "cats".* FROM "cats" WHERE "cats"."id" = $1 LIMIT $2[0m  [["id", 5], ["LIMIT", 1]]
  ↳ app/controllers/cats_controller.rb:8
  Rendering cats/show.html.erb within layouts/application
  Rendered cats/show.html.erb within layouts/application (0.3ms)
Completed 200 OK in 20ms (Views: 16.1ms | ActiveRecord: 0.8ms)


Started GET "/cats/1" for 127.0.0.1 at 2020-08-14 15:43:58 -0400
Processing by CatsController#show as HTML
  Parameters: {"id"=>"1"}
  [1m[36mCat Load (0.2ms)[0m  [1m[34mSELECT  "cats".* FROM "cats" WHERE "cats"."id" = $1 LIMIT $2[0m  [["id", 1], ["LIMIT", 1]]
  ↳ app/controllers/cats_controller.rb:8
  Rendering cats/show.html.erb within layouts/application
  Rendered cats/show.html.erb within layouts/application (1.8ms)
Completed 200 OK in 17ms (Views: 15.9ms | ActiveRecord: 0.2ms)


Started GET "/cats/" for ::1 at 2020-08-14 15:43:59 -0400
Processing by CatsController#index as HTML
  Rendering cats/index.html.erb within layouts/application
  [1m[36mCat Load (0.4ms)[0m  [1m[34mSELECT "cats".* FROM "cats"[0m
  ↳ app/views/cats/index.html.erb:4
  Rendered cats/index.html.erb within layouts/application (2.1ms)
Completed 200 OK in 20ms (Views: 19.0ms | ActiveRecord: 0.4ms)


Started GET "/cats/" for ::1 at 2020-08-14 15:44:00 -0400
Processing by CatsController#index as HTML
  Rendering cats/index.html.erb within layouts/application
  [1m[36mCat Load (0.5ms)[0m  [1m[34mSELECT "cats".* FROM "cats"[0m
  ↳ app/views/cats/index.html.erb:4
  Rendered cats/index.html.erb within layouts/application (2.3ms)
Completed 200 OK in 16ms (Views: 14.8ms | ActiveRecord: 0.5ms)


Started GET "/cats/1" for ::1 at 2020-08-14 15:44:01 -0400
Processing by CatsController#show as HTML
  Parameters: {"id"=>"1"}
  [1m[36mCat Load (0.2ms)[0m  [1m[34mSELECT  "cats".* FROM "cats" WHERE "cats"."id" = $1 LIMIT $2[0m  [["id", 1], ["LIMIT", 1]]
  ↳ app/controllers/cats_controller.rb:8
  Rendering cats/show.html.erb within layouts/application
  Rendered cats/show.html.erb within layouts/application (0.6ms)
Completed 200 OK in 17ms (Views: 15.9ms | ActiveRecord: 0.2ms)


Started GET "/cats/3" for ::1 at 2020-08-14 15:44:04 -0400
Processing by CatsController#show as HTML
  Parameters: {"id"=>"3"}
  [1m[36mCat Load (0.3ms)[0m  [1m[34mSELECT  "cats".* FROM "cats" WHERE "cats"."id" = $1 LIMIT $2[0m  [["id", 3], ["LIMIT", 1]]
  ↳ app/controllers/cats_controller.rb:8
  Rendering cats/show.html.erb within layouts/application
  Rendered cats/show.html.erb within layouts/application (0.5ms)
Completed 200 OK in 17ms (Views: 15.3ms | ActiveRecord: 0.3ms)


Started GET "/cats/2" for 127.0.0.1 at 2020-08-14 15:44:06 -0400
Processing by CatsController#show as HTML
  Parameters: {"id"=>"2"}
  [1m[36mCat Load (16.5ms)[0m  [1m[34mSELECT  "cats".* FROM "cats" WHERE "cats"."id" = $1 LIMIT $2[0m  [["id", 2], ["LIMIT", 1]]
  ↳ app/controllers/cats_controller.rb:8
  Rendering cats/show.html.erb within layouts/application
  Rendered cats/show.html.erb within layouts/application (0.8ms)
Completed 200 OK in 34ms (Views: 16.9ms | ActiveRecord: 16.5ms)


Started GET "/cats/4" for ::1 at 2020-08-14 15:44:06 -0400
Processing by CatsController#show as HTML
  Parameters: {"id"=>"4"}
  [1m[36mCat Load (0.3ms)[0m  [1m[34mSELECT  "cats".* FROM "cats" WHERE "cats"."id" = $1 LIMIT $2[0m  [["id", 4], ["LIMIT", 1]]
  ↳ app/controllers/cats_controller.rb:8
  Rendering cats/show.html.erb within layouts/application
  Rendered cats/show.html.erb within layouts/application (0.5ms)
Completed 200 OK in 15ms (Views: 13.6ms | ActiveRecord: 0.3ms)


Started GET "/cats/3" for 127.0.0.1 at 2020-08-14 15:44:08 -0400
Processing by CatsController#show as HTML
  Parameters: {"id"=>"3"}
  [1m[36mCat Load (0.2ms)[0m  [1m[34mSELECT  "cats".* FROM "cats" WHERE "cats"."id" = $1 LIMIT $2[0m  [["id", 3], ["LIMIT", 1]]
  ↳ app/controllers/cats_controller.rb:8
  Rendering cats/show.html.erb within layouts/application
  Rendered cats/show.html.erb within layouts/application (0.7ms)
Completed 200 OK in 13ms (Views: 11.6ms | ActiveRecord: 0.2ms)


Started GET "/cats/5" for ::1 at 2020-08-14 15:44:10 -0400
Processing by CatsController#show as HTML
  Parameters: {"id"=>"5"}
  [1m[36mCat Load (0.3ms)[0m  [1m[34mSELECT  "cats".* FROM "cats" WHERE "cats"."id" = $1 LIMIT $2[0m  [["id", 5], ["LIMIT", 1]]
  ↳ app/controllers/cats_controller.rb:8
  Rendering cats/show.html.erb within layouts/application
  Rendered cats/show.html.erb within layouts/application (0.7ms)
Completed 200 OK in 18ms (Views: 16.4ms | ActiveRecord: 0.3ms)


Started GET "/cats/4" for 127.0.0.1 at 2020-08-14 15:44:11 -0400
Processing by CatsController#show as HTML
  Parameters: {"id"=>"4"}
  [1m[36mCat Load (0.2ms)[0m  [1m[34mSELECT  "cats".* FROM "cats" WHERE "cats"."id" = $1 LIMIT $2[0m  [["id", 4], ["LIMIT", 1]]
  ↳ app/controllers/cats_controller.rb:8
  Rendering cats/show.html.erb within layouts/application
  Rendered cats/show.html.erb within layouts/application (0.4ms)
Completed 200 OK in 15ms (Views: 14.1ms | ActiveRecord: 0.2ms)


Started GET "/cats/4" for ::1 at 2020-08-14 15:44:13 -0400
Processing by CatsController#show as HTML
  Parameters: {"id"=>"4"}
  [1m[36mCat Load (0.4ms)[0m  [1m[34mSELECT  "cats".* FROM "cats" WHERE "cats"."id" = $1 LIMIT $2[0m  [["id", 4], ["LIMIT", 1]]
  ↳ app/controllers/cats_controller.rb:8
  Rendering cats/show.html.erb within layouts/application
  Rendered cats/show.html.erb within layouts/application (0.6ms)
Completed 200 OK in 17ms (Views: 14.9ms | ActiveRecord: 0.4ms)


Started GET "/cats/5" for 127.0.0.1 at 2020-08-14 15:44:14 -0400
Processing by CatsController#show as HTML
  Parameters: {"id"=>"5"}
  [1m[36mCat Load (0.2ms)[0m  [1m[34mSELECT  "cats".* FROM "cats" WHERE "cats"."id" = $1 LIMIT $2[0m  [["id", 5], ["LIMIT", 1]]
  ↳ app/controllers/cats_controller.rb:8
  Rendering cats/show.html.erb within layouts/application
  Rendered cats/show.html.erb within layouts/application (0.9ms)
Completed 200 OK in 15ms (Views: 13.7ms | ActiveRecord: 0.2ms)


Started GET "/cats/2" for ::1 at 2020-08-14 15:44:16 -0400
Processing by CatsController#show as HTML
  Parameters: {"id"=>"2"}
  [1m[36mCat Load (0.3ms)[0m  [1m[34mSELECT  "cats".* FROM "cats" WHERE "cats"."id" = $1 LIMIT $2[0m  [["id", 2], ["LIMIT", 1]]
  ↳ app/controllers/cats_controller.rb:8
  Rendering cats/show.html.erb within layouts/application
  Rendered cats/show.html.erb within layouts/application (0.7ms)
Completed 200 OK in 19ms (Views: 17.0ms | ActiveRecord: 0.3ms)


Started GET "/cats/1" for ::1 at 2020-08-14 15:44:18 -0400
Processing by CatsController#show as HTML
  Parameters: {"id"=>"1"}
  [1m[36mCat Load (0.2ms)[0m  [1m[34mSELECT  "cats".* FROM "cats" WHERE "cats"."id" = $1 LIMIT $2[0m  [["id", 1], ["LIMIT", 1]]
  ↳ app/controllers/cats_controller.rb:8
  Rendering cats/show.html.erb within layouts/application
  Rendered cats/show.html.erb within layouts/application (0.6ms)
Completed 200 OK in 15ms (Views: 14.2ms | ActiveRecord: 0.2ms)


Started GET "/cats" for 127.0.0.1 at 2020-08-14 16:01:42 -0400
Processing by CatsController#index as HTML
  Rendering cats/index.html.erb within layouts/application
  [1m[36mCat Load (1.2ms)[0m  [1m[34mSELECT "cats".* FROM "cats"[0m
  ↳ app/views/cats/index.html.erb:4
  Rendered cats/index.html.erb within layouts/application (3.2ms)
Completed 200 OK in 20ms (Views: 18.4ms | ActiveRecord: 1.2ms)


Started GET "/cats/" for ::1 at 2020-08-14 16:10:51 -0400
Processing by CatsController#index as HTML
  Rendering cats/index.html.erb within layouts/application
  [1m[36mCat Load (1.3ms)[0m  [1m[34mSELECT "cats".* FROM "cats"[0m
  ↳ app/views/cats/index.html.erb:4
  Rendered cats/index.html.erb within layouts/application (3.2ms)
Completed 200 OK in 20ms (Views: 18.7ms | ActiveRecord: 1.3ms)


Started GET "/cats/" for ::1 at 2020-08-14 16:10:52 -0400
Processing by CatsController#index as HTML
  Rendering cats/index.html.erb within layouts/application
  [1m[36mCat Load (0.6ms)[0m  [1m[34mSELECT "cats".* FROM "cats"[0m
  ↳ app/views/cats/index.html.erb:4
  Rendered cats/index.html.erb within layouts/application (2.9ms)
Completed 200 OK in 15ms (Views: 14.4ms | ActiveRecord: 0.6ms)


Started GET "/cats/1" for ::1 at 2020-08-14 16:10:54 -0400
Processing by CatsController#show as HTML
  Parameters: {"id"=>"1"}
  [1m[36mCat Load (0.3ms)[0m  [1m[34mSELECT  "cats".* FROM "cats" WHERE "cats"."id" = $1 LIMIT $2[0m  [["id", 1], ["LIMIT", 1]]
  ↳ app/controllers/cats_controller.rb:8
  Rendering cats/show.html.erb within layouts/application
  Rendered cats/show.html.erb within layouts/application (0.4ms)
Completed 200 OK in 15ms (Views: 13.5ms | ActiveRecord: 0.4ms)


Started GET "/cats/1" for 127.0.0.1 at 2020-08-14 16:11:05 -0400
Processing by CatsController#show as HTML
  Parameters: {"id"=>"1"}
  [1m[36mCat Load (0.3ms)[0m  [1m[34mSELECT  "cats".* FROM "cats" WHERE "cats"."id" = $1 LIMIT $2[0m  [["id", 1], ["LIMIT", 1]]
  ↳ app/controllers/cats_controller.rb:8
  Rendering cats/show.html.erb within layouts/application
  Rendered cats/show.html.erb within layouts/application (0.5ms)
Completed 200 OK in 14ms (Views: 13.2ms | ActiveRecord: 0.3ms)


Started GET "/cats/1" for 127.0.0.1 at 2020-08-14 16:12:28 -0400
Processing by CatsController#show as HTML
  Parameters: {"id"=>"1"}
  [1m[36mCat Load (0.2ms)[0m  [1m[34mSELECT  "cats".* FROM "cats" WHERE "cats"."id" = $1 LIMIT $2[0m  [["id", 1], ["LIMIT", 1]]
  ↳ app/controllers/cats_controller.rb:8
  Rendering cats/show.html.erb within layouts/application
  Rendered cats/show.html.erb within layouts/application (0.6ms)
Completed 200 OK in 15ms (Views: 14.1ms | ActiveRecord: 0.2ms)


Started GET "/cats/1" for 127.0.0.1 at 2020-08-14 16:12:37 -0400
Processing by CatsController#show as HTML
  Parameters: {"id"=>"1"}
  [1m[36mCat Load (0.3ms)[0m  [1m[34mSELECT  "cats".* FROM "cats" WHERE "cats"."id" = $1 LIMIT $2[0m  [["id", 1], ["LIMIT", 1]]
  ↳ app/controllers/cats_controller.rb:8
  Rendering cats/show.html.erb within layouts/application
  Rendered cats/show.html.erb within layouts/application (0.6ms)
Completed 200 OK in 13ms (Views: 12.3ms | ActiveRecord: 0.3ms)


Started GET "/cats/1" for 127.0.0.1 at 2020-08-14 16:13:14 -0400
Processing by CatsController#show as HTML
  Parameters: {"id"=>"1"}
  [1m[36mCat Load (0.4ms)[0m  [1m[34mSELECT  "cats".* FROM "cats" WHERE "cats"."id" = $1 LIMIT $2[0m  [["id", 1], ["LIMIT", 1]]
  ↳ app/controllers/cats_controller.rb:8
  Rendering cats/show.html.erb within layouts/application
  Rendered cats/show.html.erb within layouts/application (0.8ms)
Completed 200 OK in 15ms (Views: 13.8ms | ActiveRecord: 0.4ms)


Started GET "/cats/1" for 127.0.0.1 at 2020-08-14 16:32:59 -0400
Processing by CatsController#show as HTML
  Parameters: {"id"=>"1"}
  [1m[36mCat Load (0.8ms)[0m  [1m[34mSELECT  "cats".* FROM "cats" WHERE "cats"."id" = $1 LIMIT $2[0m  [["id", 1], ["LIMIT", 1]]
  ↳ app/controllers/cats_controller.rb:8
  Rendering cats/show.html.erb within layouts/application
  Rendered cats/show.html.erb within layouts/application (1.0ms)
Completed 200 OK in 59ms (Views: 16.7ms | ActiveRecord: 29.2ms)


Started GET "/cats/1" for ::1 at 2020-08-14 16:37:37 -0400
Processing by CatsController#show as HTML
  Parameters: {"id"=>"1"}
  [1m[36mCat Load (0.2ms)[0m  [1m[34mSELECT  "cats".* FROM "cats" WHERE "cats"."id" = $1 LIMIT $2[0m  [["id", 1], ["LIMIT", 1]]
  ↳ app/controllers/cats_controller.rb:8
  Rendering cats/show.html.erb within layouts/application
  Rendered cats/show.html.erb within layouts/application (1.1ms)
Completed 200 OK in 18ms (Views: 16.9ms | ActiveRecord: 0.2ms)


Started GET "/cats/1" for ::1 at 2020-08-14 16:37:39 -0400
Processing by CatsController#show as HTML
  Parameters: {"id"=>"1"}
  [1m[36mCat Load (0.4ms)[0m  [1m[34mSELECT  "cats".* FROM "cats" WHERE "cats"."id" = $1 LIMIT $2[0m  [["id", 1], ["LIMIT", 1]]
  ↳ app/controllers/cats_controller.rb:8
  Rendering cats/show.html.erb within layouts/application
  Rendered cats/show.html.erb within layouts/application (0.5ms)
Completed 200 OK in 14ms (Views: 13.2ms | ActiveRecord: 0.4ms)


Started GET "/cats/1" for ::1 at 2020-08-14 16:42:27 -0400
Processing by CatsController#show as HTML
  Parameters: {"id"=>"1"}
  [1m[36mCat Load (0.4ms)[0m  [1m[34mSELECT  "cats".* FROM "cats" WHERE "cats"."id" = $1 LIMIT $2[0m  [["id", 1], ["LIMIT", 1]]
  ↳ app/controllers/cats_controller.rb:8
  Rendering cats/show.html.erb within layouts/application
  Rendered cats/show.html.erb within layouts/application (0.8ms)
Completed 200 OK in 33ms (Views: 16.1ms | ActiveRecord: 5.7ms)


Started GET "/cats/1" for ::1 at 2020-08-14 16:42:28 -0400
Processing by CatsController#show as HTML
  Parameters: {"id"=>"1"}
  [1m[36mCat Load (0.3ms)[0m  [1m[34mSELECT  "cats".* FROM "cats" WHERE "cats"."id" = $1 LIMIT $2[0m  [["id", 1], ["LIMIT", 1]]
  ↳ app/controllers/cats_controller.rb:8
  Rendering cats/show.html.erb within layouts/application
  Rendered cats/show.html.erb within layouts/application (0.8ms)
Completed 200 OK in 40ms (Views: 16.3ms | ActiveRecord: 12.1ms)


Started GET "/cats/1" for ::1 at 2020-08-14 16:42:34 -0400
Processing by CatsController#show as HTML
  Parameters: {"id"=>"1"}
  [1m[36mCat Load (0.5ms)[0m  [1m[34mSELECT  "cats".* FROM "cats" WHERE "cats"."id" = $1 LIMIT $2[0m  [["id", 1], ["LIMIT", 1]]
  ↳ app/controllers/cats_controller.rb:8
  Rendering cats/show.html.erb within layouts/application
  Rendered cats/show.html.erb within layouts/application (0.5ms)
Completed 200 OK in 15ms (Views: 13.4ms | ActiveRecord: 0.5ms)


Started GET "/cats/1" for ::1 at 2020-08-14 16:42:35 -0400
Processing by CatsController#show as HTML
  Parameters: {"id"=>"1"}
  [1m[36mCat Load (0.3ms)[0m  [1m[34mSELECT  "cats".* FROM "cats" WHERE "cats"."id" = $1 LIMIT $2[0m  [["id", 1], ["LIMIT", 1]]
  ↳ app/controllers/cats_controller.rb:8
  Rendering cats/show.html.erb within layouts/application
  Rendered cats/show.html.erb within layouts/application (0.5ms)
Completed 200 OK in 33ms (Views: 13.4ms | ActiveRecord: 5.5ms)


Started GET "/cats" for ::1 at 2020-08-14 16:42:41 -0400
Processing by CatsController#index as HTML
  Rendering cats/index.html.erb within layouts/application
  [1m[36mCat Load (4.5ms)[0m  [1m[34mSELECT "cats".* FROM "cats"[0m
  ↳ app/views/cats/index.html.erb:4
  Rendered cats/index.html.erb within layouts/application (6.4ms)
Completed 200 OK in 22ms (Views: 16.9ms | ActiveRecord: 4.5ms)


Started GET "/cats/new" for 127.0.0.1 at 2020-08-14 16:43:44 -0400
Processing by CatsController#new as HTML
  Rendering cats/new.html.erb within layouts/application
  Rendered cats/new.html.erb within layouts/application (0.3ms)
Completed 200 OK in 13ms (Views: 13.0ms | ActiveRecord: 0.0ms)


Started GET "/cats/new" for 127.0.0.1 at 2020-08-14 16:43:57 -0400
Processing by CatsController#new as HTML
  Rendering cats/new.html.erb within layouts/application
  Rendered cats/new.html.erb within layouts/application (0.3ms)
Completed 200 OK in 12ms (Views: 11.2ms | ActiveRecord: 0.0ms)


Started GET "/cats/new" for 127.0.0.1 at 2020-08-14 16:44:21 -0400
Processing by CatsController#new as HTML
  Rendering cats/new.html.erb within layouts/application
  Rendered cats/new.html.erb within layouts/application (0.4ms)
Completed 200 OK in 12ms (Views: 11.5ms | ActiveRecord: 0.0ms)


Started POST "/cats" for 127.0.0.1 at 2020-08-14 16:45:06 -0400
  
ActionController::RoutingError (No route matches [POST] "/cats"):
  
actionpack (5.2.4.3) lib/action_dispatch/middleware/debug_exceptions.rb:65:in `call'
web-console (3.7.0) lib/web_console/middleware.rb:135:in `call_app'
web-console (3.7.0) lib/web_console/middleware.rb:30:in `block in call'
web-console (3.7.0) lib/web_console/middleware.rb:20:in `catch'
web-console (3.7.0) lib/web_console/middleware.rb:20:in `call'
actionpack (5.2.4.3) lib/action_dispatch/middleware/show_exceptions.rb:33:in `call'
railties (5.2.4.3) lib/rails/rack/logger.rb:38:in `call_app'
railties (5.2.4.3) lib/rails/rack/logger.rb:26:in `block in call'
activesupport (5.2.4.3) lib/active_support/tagged_logging.rb:71:in `block in tagged'
activesupport (5.2.4.3) lib/active_support/tagged_logging.rb:28:in `tagged'
activesupport (5.2.4.3) lib/active_support/tagged_logging.rb:71:in `tagged'
railties (5.2.4.3) lib/rails/rack/logger.rb:26:in `call'
sprockets-rails (3.2.1) lib/sprockets/rails/quiet_assets.rb:13:in `call'
actionpack (5.2.4.3) lib/action_dispatch/middleware/remote_ip.rb:81:in `call'
actionpack (5.2.4.3) lib/action_dispatch/middleware/request_id.rb:27:in `call'
rack (2.2.3) lib/rack/method_override.rb:24:in `call'
rack (2.2.3) lib/rack/runtime.rb:22:in `call'
activesupport (5.2.4.3) lib/active_support/cache/strategy/local_cache_middleware.rb:29:in `call'
actionpack (5.2.4.3) lib/action_dispatch/middleware/executor.rb:14:in `call'
actionpack (5.2.4.3) lib/action_dispatch/middleware/static.rb:127:in `call'
rack (2.2.3) lib/rack/sendfile.rb:110:in `call'
railties (5.2.4.3) lib/rails/engine.rb:524:in `call'
puma (3.12.6) lib/puma/configuration.rb:227:in `call'
puma (3.12.6) lib/puma/server.rb:706:in `handle_request'
puma (3.12.6) lib/puma/server.rb:476:in `process_client'
puma (3.12.6) lib/puma/server.rb:334:in `block in run'
puma (3.12.6) lib/puma/thread_pool.rb:135:in `block in spawn_thread'
Started GET "/cats" for ::1 at 2020-08-14 16:49:20 -0400
Processing by CatsController#index as HTML
  Rendering cats/index.html.erb within layouts/application
  [1m[36mCat Load (0.3ms)[0m  [1m[34mSELECT "cats".* FROM "cats"[0m
  ↳ app/views/cats/index.html.erb:4
  Rendered cats/index.html.erb within layouts/application (24.1ms)
Completed 200 OK in 41ms (Views: 23.9ms | ActiveRecord: 14.0ms)


Started GET "/cats" for ::1 at 2020-08-14 16:49:20 -0400
Processing by CatsController#index as HTML
  Rendering cats/index.html.erb within layouts/application
  [1m[36mCat Load (16.5ms)[0m  [1m[34mSELECT "cats".* FROM "cats"[0m
  ↳ app/views/cats/index.html.erb:4
  Rendered cats/index.html.erb within layouts/application (18.5ms)
Completed 200 OK in 35ms (Views: 18.1ms | ActiveRecord: 16.5ms)


Started GET "/cats/1" for ::1 at 2020-08-14 16:49:29 -0400
Processing by CatsController#show as HTML
  Parameters: {"id"=>"1"}
  [1m[36mCat Load (0.2ms)[0m  [1m[34mSELECT  "cats".* FROM "cats" WHERE "cats"."id" = $1 LIMIT $2[0m  [["id", 1], ["LIMIT", 1]]
  ↳ app/controllers/cats_controller.rb:8
  Rendering cats/show.html.erb within layouts/application
  Rendered cats/show.html.erb within layouts/application (0.8ms)
Completed 200 OK in 17ms (Views: 15.1ms | ActiveRecord: 0.2ms)


Started GET "/cats/2" for ::1 at 2020-08-14 16:49:32 -0400
Processing by CatsController#show as HTML
  Parameters: {"id"=>"2"}
  [1m[36mCat Load (0.2ms)[0m  [1m[34mSELECT  "cats".* FROM "cats" WHERE "cats"."id" = $1 LIMIT $2[0m  [["id", 2], ["LIMIT", 1]]
  ↳ app/controllers/cats_controller.rb:8
  Rendering cats/show.html.erb within layouts/application
  Rendered cats/show.html.erb within layouts/application (0.6ms)
Completed 200 OK in 16ms (Views: 15.3ms | ActiveRecord: 0.2ms)


Started GET "/cats/3" for ::1 at 2020-08-14 16:49:35 -0400
Processing by CatsController#show as HTML
  Parameters: {"id"=>"3"}
  [1m[36mCat Load (0.2ms)[0m  [1m[34mSELECT  "cats".* FROM "cats" WHERE "cats"."id" = $1 LIMIT $2[0m  [["id", 3], ["LIMIT", 1]]
  ↳ app/controllers/cats_controller.rb:8
  Rendering cats/show.html.erb within layouts/application
  Rendered cats/show.html.erb within layouts/application (0.4ms)
Completed 200 OK in 17ms (Views: 14.4ms | ActiveRecord: 0.2ms)


Started GET "/cats/4" for ::1 at 2020-08-14 16:49:37 -0400
Processing by CatsController#show as HTML
  Parameters: {"id"=>"4"}
  [1m[36mCat Load (0.3ms)[0m  [1m[34mSELECT  "cats".* FROM "cats" WHERE "cats"."id" = $1 LIMIT $2[0m  [["id", 4], ["LIMIT", 1]]
  ↳ app/controllers/cats_controller.rb:8
  Rendering cats/show.html.erb within layouts/application
  Rendered cats/show.html.erb within layouts/application (0.7ms)
Completed 200 OK in 21ms (Views: 18.8ms | ActiveRecord: 0.3ms)


Started GET "/cats/new" for ::1 at 2020-08-14 16:49:45 -0400
Processing by CatsController#new as HTML
  Rendering cats/new.html.erb within layouts/application
  Rendered cats/new.html.erb within layouts/application (0.5ms)
Completed 200 OK in 16ms (Views: 15.7ms | ActiveRecord: 0.0ms)


Started GET "/cats/new" for 127.0.0.1 at 2020-08-14 16:49:49 -0400
Processing by CatsController#new as HTML
  Rendering cats/new.html.erb within layouts/application
  Rendered cats/new.html.erb within layouts/application (0.4ms)
Completed 200 OK in 17ms (Views: 16.8ms | ActiveRecord: 0.0ms)


Started POST "/cats" for ::1 at 2020-08-14 16:50:14 -0400
Processing by CatsController#create as HTML
  Parameters: {"cat"=>{"birth_date"=>"2010-01-28", "name"=>"Meowboy", "color"=>"orange", "sex"=>"male", "description"=>"Wont stop purring\r\n    "}}
Completed 500 Internal Server Error in 2ms (ActiveRecord: 0.0ms)



ActiveModel::ForbiddenAttributesError - ActiveModel::ForbiddenAttributesError:
  app/controllers/cats_controller.rb:17:in `create'

Started POST "/__better_errors/ea75b972c486da6e/variables" for ::1 at 2020-08-14 16:50:14 -0400
Started POST "/cats" for ::1 at 2020-08-14 16:53:47 -0400
Processing by CatsController#create as HTML
  Parameters: {"cat"=>{"birth_date"=>"2010-01-28", "name"=>"Meowboy", "color"=>"orange", "sex"=>"male", "description"=>"Wont stop purring\r\n    "}}
Completed 500 Internal Server Error in 32ms (ActiveRecord: 21.6ms)



ActiveModel::ForbiddenAttributesError - ActiveModel::ForbiddenAttributesError:
  app/controllers/cats_controller.rb:17:in `create'

Started POST "/__better_errors/6ac04b3b34f3d2e8/variables" for ::1 at 2020-08-14 16:53:47 -0400
Started GET "/cats" for ::1 at 2020-08-14 16:53:51 -0400
Processing by CatsController#index as HTML
  Rendering cats/index.html.erb within layouts/application
  [1m[36mCat Load (0.4ms)[0m  [1m[34mSELECT "cats".* FROM "cats"[0m
  ↳ app/views/cats/index.html.erb:4
  Rendered cats/index.html.erb within layouts/application (2.2ms)
Completed 200 OK in 22ms (Views: 21.0ms | ActiveRecord: 0.4ms)


Started GET "/cats/2" for ::1 at 2020-08-14 16:53:53 -0400
Processing by CatsController#show as HTML
  Parameters: {"id"=>"2"}
  [1m[36mCat Load (1.0ms)[0m  [1m[34mSELECT  "cats".* FROM "cats" WHERE "cats"."id" = $1 LIMIT $2[0m  [["id", 2], ["LIMIT", 1]]
  ↳ app/controllers/cats_controller.rb:8
  Rendering cats/show.html.erb within layouts/application
  Rendered cats/show.html.erb within layouts/application (0.5ms)
Completed 200 OK in 19ms (Views: 15.9ms | ActiveRecord: 1.0ms)


Started GET "/cats/new" for ::1 at 2020-08-14 16:54:07 -0400
Processing by CatsController#new as HTML
  Rendering cats/new.html.erb within layouts/application
  Rendered cats/new.html.erb within layouts/application (0.4ms)
Completed 200 OK in 18ms (Views: 17.3ms | ActiveRecord: 0.0ms)


Started POST "/cats" for ::1 at 2020-08-14 16:54:26 -0400
Processing by CatsController#create as HTML
  Parameters: {"cat"=>{"birth_date"=>"2010-01-20", "name"=>"Billy", "color"=>"white", "sex"=>"male", "description"=>"Little white billy\r\n    "}}
Completed 500 Internal Server Error in 1ms (ActiveRecord: 0.0ms)



ActiveModel::ForbiddenAttributesError - ActiveModel::ForbiddenAttributesError:
  app/controllers/cats_controller.rb:17:in `create'

Started POST "/__better_errors/75a43f7a06f41e90/variables" for ::1 at 2020-08-14 16:54:26 -0400
Started POST "/cats" for 127.0.0.1 at 2020-08-14 16:55:16 -0400
Processing by CatsController#create as HTML
  Parameters: {"cat"=>{"birth_date"=>"2009-12-30", "name"=>"James", "color"=>"brown", "sex"=>"male", "description"=>"James is a secret cat    "}}
Completed 500 Internal Server Error in 1ms (ActiveRecord: 0.0ms)



ActiveModel::ForbiddenAttributesError - ActiveModel::ForbiddenAttributesError:
  app/controllers/cats_controller.rb:17:in `create'

Started POST "/__better_errors/a3ce0feb03d1fedd/variables" for 127.0.0.1 at 2020-08-14 16:55:17 -0400
Started GET "/cats/new" for 127.0.0.1 at 2020-08-14 17:00:06 -0400
Processing by CatsController#new as HTML
  Rendering cats/new.html.erb within layouts/application
  Rendered cats/new.html.erb within layouts/application (0.4ms)
Completed 200 OK in 14ms (Views: 13.7ms | ActiveRecord: 0.0ms)


Started POST "/cats" for 127.0.0.1 at 2020-08-14 17:01:06 -0400
Processing by CatsController#create as HTML
  Parameters: {"cat"=>{"birth_date"=>"2010-01-15", "name"=>"Cat", "color"=>"white", "sex"=>"male", "description"=>"asdfasdfasdf"}}
Completed 500 Internal Server Error in 1ms (ActiveRecord: 0.0ms)



ActiveModel::ForbiddenAttributesError - ActiveModel::ForbiddenAttributesError:
  app/controllers/cats_controller.rb:17:in `create'

Started POST "/__better_errors/4c7e16fc14fabdb5/variables" for 127.0.0.1 at 2020-08-14 17:01:07 -0400
Started POST "/cats" for 127.0.0.1 at 2020-08-14 17:02:23 -0400
Processing by CatsController#create as HTML
  Parameters: {"cat"=>{"birth_date"=>"2010-01-15", "name"=>"Cat", "color"=>"white", "sex"=>"male", "description"=>"asdfasdfasdf"}}
Completed 500 Internal Server Error in 74188ms (ActiveRecord: 22.4ms)



ActiveModel::ForbiddenAttributesError - ActiveModel::ForbiddenAttributesError:
  app/controllers/cats_controller.rb:18:in `create'

Started POST "/__better_errors/b8bda2081e31477d/variables" for 127.0.0.1 at 2020-08-14 17:03:38 -0400
Started POST "/cats" for 127.0.0.1 at 2020-08-14 17:03:50 -0400
Processing by CatsController#create as HTML
  Parameters: {"cat"=>{"birth_date"=>"2010-01-15", "name"=>"Cat", "color"=>"white", "sex"=>"male", "description"=>"asdfasdfasdf"}}
Completed 500 Internal Server Error in 7141ms (ActiveRecord: 16.2ms)



ActiveModel::ForbiddenAttributesError - ActiveModel::ForbiddenAttributesError:
  app/controllers/cats_controller.rb:18:in `create'

Started POST "/__better_errors/9880501dac3daaf6/variables" for 127.0.0.1 at 2020-08-14 17:03:58 -0400
Started GET "/cats/new" for 127.0.0.1 at 2020-08-14 17:07:55 -0400
Processing by CatsController#new as HTML
  Rendering cats/new.html.erb within layouts/application
  Rendered cats/new.html.erb within layouts/application (0.3ms)
Completed 200 OK in 13ms (Views: 12.3ms | ActiveRecord: 0.0ms)


Started GET "/cats/new" for 127.0.0.1 at 2020-08-14 17:07:59 -0400
Processing by CatsController#new as HTML
  Rendering cats/new.html.erb within layouts/application
  Rendered cats/new.html.erb within layouts/application (0.3ms)
Completed 200 OK in 11ms (Views: 10.4ms | ActiveRecord: 0.0ms)


Started POST "/cats" for 127.0.0.1 at 2020-08-14 17:08:42 -0400
Processing by CatsController#create as HTML
  Parameters: {"cat"=>{"birth_date"=>"2014-10-29", "name"=>"Bobby", "color"=>"brown", "sex"=>"M", "description"=>"likes pizzas\r\n    "}}
Completed 500 Internal Server Error in 35ms (ActiveRecord: 17.1ms)



ActiveModel::ForbiddenAttributesError - ActiveModel::ForbiddenAttributesError:
  app/controllers/cats_controller.rb:17:in `create'

Started POST "/__better_errors/39a869477ce8652c/variables" for 127.0.0.1 at 2020-08-14 17:08:43 -0400
Started POST "/cats" for 127.0.0.1 at 2020-08-14 17:09:13 -0400
Processing by CatsController#create as HTML
  Parameters: {"cat"=>{"birth_date"=>"2014-10-29", "name"=>"Bobby", "color"=>"brown", "sex"=>"M", "description"=>"likes pizza"}}
Completed 500 Internal Server Error in 1ms (ActiveRecord: 0.0ms)



ActiveModel::ForbiddenAttributesError - ActiveModel::ForbiddenAttributesError:
  app/controllers/cats_controller.rb:17:in `create'

Started POST "/__better_errors/809ae5fd10ac1103/variables" for 127.0.0.1 at 2020-08-14 17:09:13 -0400
Started GET "/cats/new" for 127.0.0.1 at 2020-08-14 17:15:13 -0400
Processing by CatsController#new as HTML
  Rendering cats/new.html.erb within layouts/application
  Rendered cats/new.html.erb within layouts/application (0.4ms)
Completed 200 OK in 16ms (Views: 15.6ms | ActiveRecord: 0.0ms)


Started POST "/cats" for 127.0.0.1 at 2020-08-14 17:15:31 -0400
Processing by CatsController#create as HTML
  Parameters: {"cat"=>{"birth_date"=>"2010/05/10", "name"=>"Bobby", "color"=>"brown", "sex"=>"M", "description"=>"likes pizza"}}
Completed 500 Internal Server Error in 1ms (ActiveRecord: 0.0ms)



ActiveModel::ForbiddenAttributesError - ActiveModel::ForbiddenAttributesError:
  app/controllers/cats_controller.rb:17:in `create'

Started POST "/__better_errors/358a73df95a2af52/variables" for 127.0.0.1 at 2020-08-14 17:15:31 -0400
