  [1m[35m (0.1ms)[0m  [1m[34mSELECT sqlite_version(*)[0m
  ↳ bin/rails:9
  [1m[35m (1.3ms)[0m  [1m[35mCREATE TABLE "schema_migrations" ("version" varchar NOT NULL PRIMARY KEY)[0m
  ↳ bin/rails:9
  [1m[35m (1.1ms)[0m  [1m[35mCREATE TABLE "ar_internal_metadata" ("key" varchar NOT NULL PRIMARY KEY, "value" varchar, "created_at" datetime NOT NULL, "updated_at" datetime NOT NULL)[0m
  ↳ bin/rails:9
  [1m[35m (0.1ms)[0m  [1m[34mSELECT "schema_migrations"."version" FROM "schema_migrations" ORDER BY "schema_migrations"."version" ASC[0m
  ↳ bin/rails:9
Migrating to CreateUsers (20200824151514)
  [1m[35m (0.0ms)[0m  [1m[36mbegin transaction[0m
  ↳ bin/rails:9
  [1m[35m (0.3ms)[0m  [1m[35mCREATE TABLE "users" ("id" integer PRIMARY KEY AUTOINCREMENT NOT NULL, "username" varchar, "password_digest" varchar, "session_token" varchar, "created_at" datetime NOT NULL, "updated_at" datetime NOT NULL)[0m
  ↳ db/migrate/20200824151514_create_users.rb:3
  [1m[36mActiveRecord::SchemaMigration Create (0.1ms)[0m  [1m[32mINSERT INTO "schema_migrations" ("version") VALUES (?)[0m  [["version", "20200824151514"]]
  ↳ bin/rails:9
  [1m[35m (0.9ms)[0m  [1m[36mcommit transaction[0m
  ↳ bin/rails:9
  [1m[36mActiveRecord::InternalMetadata Load (0.1ms)[0m  [1m[34mSELECT  "ar_internal_metadata".* FROM "ar_internal_metadata" WHERE "ar_internal_metadata"."key" = ? LIMIT ?[0m  [["key", "environment"], ["LIMIT", 1]]
  ↳ bin/rails:9
  [1m[35m (0.1ms)[0m  [1m[36mbegin transaction[0m
  ↳ bin/rails:9
  [1m[36mActiveRecord::InternalMetadata Create (0.4ms)[0m  [1m[32mINSERT INTO "ar_internal_metadata" ("key", "value", "created_at", "updated_at") VALUES (?, ?, ?, ?)[0m  [["key", "environment"], ["value", "development"], ["created_at", "2020-08-24 15:15:52.773797"], ["updated_at", "2020-08-24 15:15:52.773797"]]
  ↳ bin/rails:9
  [1m[35m (1.8ms)[0m  [1m[36mcommit transaction[0m
  ↳ bin/rails:9
  [1m[35m (0.1ms)[0m  [1m[34mSELECT "schema_migrations"."version" FROM "schema_migrations" ORDER BY "schema_migrations"."version" ASC[0m
  ↳ bin/rails:9
  [1m[35m (0.3ms)[0m  [1m[34mSELECT "schema_migrations"."version" FROM "schema_migrations" ORDER BY "schema_migrations"."version" ASC[0m
  ↳ bin/rails:9
Migrating to CreateSubs (20200824154958)
  [1m[35m (0.0ms)[0m  [1m[36mbegin transaction[0m
  ↳ bin/rails:9
  [1m[35m (0.1ms)[0m  [1m[34mSELECT sqlite_version(*)[0m
  ↳ db/migrate/20200824154958_create_subs.rb:3
  [1m[35m (0.5ms)[0m  [1m[35mCREATE TABLE "subs" ("id" integer PRIMARY KEY AUTOINCREMENT NOT NULL, "title" varchar, "description" text, "user_id" integer, "created_at" datetime NOT NULL, "updated_at" datetime NOT NULL)[0m
  ↳ db/migrate/20200824154958_create_subs.rb:3
  [1m[36mActiveRecord::SchemaMigration Create (0.5ms)[0m  [1m[32mINSERT INTO "schema_migrations" ("version") VALUES (?)[0m  [["version", "20200824154958"]]
  ↳ bin/rails:9
  [1m[35m (2.5ms)[0m  [1m[36mcommit transaction[0m
  ↳ bin/rails:9
  [1m[36mActiveRecord::InternalMetadata Load (1.1ms)[0m  [1m[34mSELECT  "ar_internal_metadata".* FROM "ar_internal_metadata" WHERE "ar_internal_metadata"."key" = ? LIMIT ?[0m  [["key", "environment"], ["LIMIT", 1]]
  ↳ bin/rails:9
  [1m[35m (0.1ms)[0m  [1m[36mbegin transaction[0m
  ↳ bin/rails:9
  [1m[35m (0.1ms)[0m  [1m[36mcommit transaction[0m
  ↳ bin/rails:9
  [1m[35m (0.3ms)[0m  [1m[34mSELECT "schema_migrations"."version" FROM "schema_migrations" ORDER BY "schema_migrations"."version" ASC[0m
  ↳ bin/rails:9
  [1m[35m (0.4ms)[0m  [1m[34mSELECT "schema_migrations"."version" FROM "schema_migrations" ORDER BY "schema_migrations"."version" ASC[0m
  ↳ bin/rails:9
Migrating to CreatePosts (20200824180757)
  [1m[35m (0.0ms)[0m  [1m[36mbegin transaction[0m
  ↳ bin/rails:9
  [1m[35m (0.0ms)[0m  [1m[34mSELECT sqlite_version(*)[0m
  ↳ db/migrate/20200824180757_create_posts.rb:3
  [1m[35m (0.8ms)[0m  [1m[35mCREATE TABLE "posts" ("id" integer PRIMARY KEY AUTOINCREMENT NOT NULL, "title" varchar, "url" varchar, "content" text, "sub_id" integer, "author_id" integer, "created_at" datetime NOT NULL, "updated_at" datetime NOT NULL)[0m
  ↳ db/migrate/20200824180757_create_posts.rb:3
  [1m[36mActiveRecord::SchemaMigration Create (0.4ms)[0m  [1m[32mINSERT INTO "schema_migrations" ("version") VALUES (?)[0m  [["version", "20200824180757"]]
  ↳ bin/rails:9
  [1m[35m (1.1ms)[0m  [1m[36mcommit transaction[0m
  ↳ bin/rails:9
  [1m[36mActiveRecord::InternalMetadata Load (0.5ms)[0m  [1m[34mSELECT  "ar_internal_metadata".* FROM "ar_internal_metadata" WHERE "ar_internal_metadata"."key" = ? LIMIT ?[0m  [["key", "environment"], ["LIMIT", 1]]
  ↳ bin/rails:9
  [1m[35m (0.1ms)[0m  [1m[36mbegin transaction[0m
  ↳ bin/rails:9
  [1m[35m (0.1ms)[0m  [1m[36mcommit transaction[0m
  ↳ bin/rails:9
  [1m[35m (0.1ms)[0m  [1m[34mSELECT "schema_migrations"."version" FROM "schema_migrations" ORDER BY "schema_migrations"."version" ASC[0m
  ↳ bin/rails:9
  [1m[35m (0.2ms)[0m  [1m[34mSELECT "schema_migrations"."version" FROM "schema_migrations" ORDER BY "schema_migrations"."version" ASC[0m
  ↳ /Users/ross/.rvm/gems/ruby-2.5.1/bin/annotate:23
  [1m[35m (0.3ms)[0m  [1m[34mSELECT "schema_migrations"."version" FROM "schema_migrations" ORDER BY "schema_migrations"."version" ASC[0m
  ↳ bin/rails:9
Migrating to CreatePostSubs (20200824192037)
  [1m[35m (0.0ms)[0m  [1m[36mbegin transaction[0m
  ↳ bin/rails:9
  [1m[35m (0.0ms)[0m  [1m[34mSELECT sqlite_version(*)[0m
  ↳ db/migrate/20200824192037_create_post_subs.rb:3
  [1m[35m (0.3ms)[0m  [1m[35mCREATE TABLE "post_subs" ("id" integer PRIMARY KEY AUTOINCREMENT NOT NULL, "sub_id" integer NOT NULL, "post_id" integer NOT NULL, "created_at" datetime NOT NULL, "updated_at" datetime NOT NULL)[0m
  ↳ db/migrate/20200824192037_create_post_subs.rb:3
  [1m[36mActiveRecord::SchemaMigration Create (0.4ms)[0m  [1m[32mINSERT INTO "schema_migrations" ("version") VALUES (?)[0m  [["version", "20200824192037"]]
  ↳ bin/rails:9
  [1m[35m (1.0ms)[0m  [1m[36mcommit transaction[0m
  ↳ bin/rails:9
  [1m[36mActiveRecord::InternalMetadata Load (0.5ms)[0m  [1m[34mSELECT  "ar_internal_metadata".* FROM "ar_internal_metadata" WHERE "ar_internal_metadata"."key" = ? LIMIT ?[0m  [["key", "environment"], ["LIMIT", 1]]
  ↳ bin/rails:9
  [1m[35m (0.1ms)[0m  [1m[36mbegin transaction[0m
  ↳ bin/rails:9
  [1m[35m (0.1ms)[0m  [1m[36mcommit transaction[0m
  ↳ bin/rails:9
  [1m[35m (0.4ms)[0m  [1m[34mSELECT "schema_migrations"."version" FROM "schema_migrations" ORDER BY "schema_migrations"."version" ASC[0m
  ↳ bin/rails:9
Started GET "/" for ::1 at 2020-08-24 16:04:38 -0400
  [1m[35m (0.4ms)[0m  [1m[34mSELECT "schema_migrations"."version" FROM "schema_migrations" ORDER BY "schema_migrations"."version" ASC[0m
  ↳ /Users/ross/.rvm/gems/ruby-2.5.1/gems/activerecord-5.2.4.3/lib/active_record/log_subscriber.rb:98
Processing by SubsController#index as HTML
  [1m[36mUser Load (0.3ms)[0m  [1m[34mSELECT  "users".* FROM "users" WHERE "users"."session_token" IS NULL LIMIT ?[0m  [["LIMIT", 1]]
  ↳ app/controllers/application_controller.rb:5
Redirected to http://localhost:3000/session/new
Filter chain halted as :ensure_logged_in rendered or redirected
Completed 302 Found in 13ms (ActiveRecord: 0.6ms)


Started GET "/session/new" for ::1 at 2020-08-24 16:04:38 -0400
Processing by SessionsController#new as HTML
  Rendering sessions/new.html.erb within layouts/application
  Rendered sessions/new.html.erb within layouts/application (5.5ms)
  [1m[36mUser Load (0.2ms)[0m  [1m[34mSELECT  "users".* FROM "users" WHERE "users"."session_token" IS NULL LIMIT ?[0m  [["LIMIT", 1]]
  ↳ app/controllers/application_controller.rb:5
Completed 200 OK in 696ms (Views: 695.1ms | ActiveRecord: 0.2ms)


Started GET "/" for ::1 at 2020-08-24 16:05:16 -0400
Processing by SubsController#index as HTML
  [1m[36mUser Load (0.4ms)[0m  [1m[34mSELECT  "users".* FROM "users" WHERE "users"."session_token" IS NULL LIMIT ?[0m  [["LIMIT", 1]]
  ↳ app/controllers/application_controller.rb:5
Redirected to http://localhost:3000/session/new
Filter chain halted as :ensure_logged_in rendered or redirected
Completed 302 Found in 2ms (ActiveRecord: 0.4ms)


Started GET "/session/new" for ::1 at 2020-08-24 16:05:16 -0400
Processing by SessionsController#new as HTML
  Rendering sessions/new.html.erb within layouts/application
  Rendered sessions/new.html.erb within layouts/application (0.7ms)
  [1m[36mUser Load (0.1ms)[0m  [1m[34mSELECT  "users".* FROM "users" WHERE "users"."session_token" IS NULL LIMIT ?[0m  [["LIMIT", 1]]
  ↳ app/controllers/application_controller.rb:5
Completed 200 OK in 49ms (Views: 48.0ms | ActiveRecord: 0.1ms)


Started GET "/session/new" for ::1 at 2020-08-24 16:07:18 -0400
Processing by SessionsController#new as HTML
  Rendering sessions/new.html.erb within layouts/application
  Rendered sessions/new.html.erb within layouts/application (0.6ms)
  [1m[36mUser Load (0.1ms)[0m  [1m[34mSELECT  "users".* FROM "users" WHERE "users"."session_token" IS NULL LIMIT ?[0m  [["LIMIT", 1]]
  ↳ app/controllers/application_controller.rb:5
Completed 200 OK in 52ms (Views: 51.8ms | ActiveRecord: 0.1ms)


Started GET "/users/new?authenticity_token=qZLENCKfF%2FiQ7BVKpsew9Oapl2NdDmoM74vJ8V6104gkPjMtDAtwVrKxYjri%2BKkZKhmhU2wmiCWrlCeLAgcjGQ%3D%3D" for ::1 at 2020-08-24 16:07:20 -0400
Processing by UsersController#new as HTML
  Parameters: {"authenticity_token"=>"qZLENCKfF/iQ7BVKpsew9Oapl2NdDmoM74vJ8V6104gkPjMtDAtwVrKxYjri+KkZKhmhU2wmiCWrlCeLAgcjGQ=="}
  Rendering users/new.html.erb within layouts/application
  Rendered users/new.html.erb within layouts/application (0.7ms)
  [1m[36mUser Load (0.1ms)[0m  [1m[34mSELECT  "users".* FROM "users" WHERE "users"."session_token" IS NULL LIMIT ?[0m  [["LIMIT", 1]]
  ↳ app/controllers/application_controller.rb:5
Completed 200 OK in 35ms (Views: 30.9ms | ActiveRecord: 0.4ms)


Started POST "/users" for ::1 at 2020-08-24 16:07:36 -0400
Processing by UsersController#create as HTML
  Parameters: {"authenticity_token"=>"Ou/XHQJWpoDeWF3WcMIxBdtU5lGKLBe8AWACZ+hPlc23QyAELMLBLvwFKqY0/SjoF+TQYbsE9ZVFf+wdtP1lXA==", "user"=>{"username"=>"kevin", "password"=>"[FILTERED]"}}
  [1m[35m (0.1ms)[0m  [1m[36mbegin transaction[0m
  ↳ app/controllers/users_controller.rb:10
  [1m[36mUser Exists (0.2ms)[0m  [1m[34mSELECT  1 AS one FROM "users" WHERE "users"."username" = ? LIMIT ?[0m  [["username", "kevin"], ["LIMIT", 1]]
  ↳ app/controllers/users_controller.rb:10
  [1m[36mUser Exists (0.1ms)[0m  [1m[34mSELECT  1 AS one FROM "users" WHERE "users"."session_token" = ? LIMIT ?[0m  [["session_token", "MlRmahh6EIdysQkQ9fF0OQ"], ["LIMIT", 1]]
  ↳ app/controllers/users_controller.rb:10
  [1m[36mUser Create (0.8ms)[0m  [1m[32mINSERT INTO "users" ("username", "password_digest", "session_token", "created_at", "updated_at") VALUES (?, ?, ?, ?, ?)[0m  [["username", "kevin"], ["password_digest", "$2a$12$QCo6690M1A0UQycp/.wW3.pn5SJHczzSaVq4b3Y0uZdcmd3gUniou"], ["session_token", "MlRmahh6EIdysQkQ9fF0OQ"], ["created_at", "2020-08-24 20:07:36.957143"], ["updated_at", "2020-08-24 20:07:36.957143"]]
  ↳ app/controllers/users_controller.rb:10
  [1m[35m (1.7ms)[0m  [1m[36mcommit transaction[0m
  ↳ app/controllers/users_controller.rb:10
Completed 500 Internal Server Error in 239ms (ActiveRecord: 2.8ms)


  
NoMethodError (undefined method `reset_sesession_token!' for #<User:0x00007fbb587575b8>
Did you mean?  reset_session_token!
               restore_session_token!):
  
app/controllers/application_controller.rb:18:in `login!'
app/controllers/users_controller.rb:11:in `create'
Started POST "/users" for ::1 at 2020-08-24 16:08:11 -0400
Processing by UsersController#create as HTML
  Parameters: {"authenticity_token"=>"Ou/XHQJWpoDeWF3WcMIxBdtU5lGKLBe8AWACZ+hPlc23QyAELMLBLvwFKqY0/SjoF+TQYbsE9ZVFf+wdtP1lXA==", "user"=>{"username"=>"kevin", "password"=>"[FILTERED]"}}
  [1m[35m (0.0ms)[0m  [1m[36mbegin transaction[0m
  ↳ app/controllers/users_controller.rb:10
  [1m[36mUser Exists (0.4ms)[0m  [1m[34mSELECT  1 AS one FROM "users" WHERE "users"."username" = ? LIMIT ?[0m  [["username", "kevin"], ["LIMIT", 1]]
  ↳ app/controllers/users_controller.rb:10
  [1m[36mUser Exists (0.1ms)[0m  [1m[34mSELECT  1 AS one FROM "users" WHERE "users"."session_token" = ? LIMIT ?[0m  [["session_token", "NxlGLaim5Mb_lm_7PbqhVg"], ["LIMIT", 1]]
  ↳ app/controllers/users_controller.rb:10
  [1m[35m (0.0ms)[0m  [1m[31mrollback transaction[0m
  ↳ app/controllers/users_controller.rb:10
  Rendering users/new.html.erb within layouts/application
  Rendered users/new.html.erb within layouts/application (1.8ms)
  [1m[36mUser Load (0.2ms)[0m  [1m[34mSELECT  "users".* FROM "users" WHERE "users"."session_token" IS NULL LIMIT ?[0m  [["LIMIT", 1]]
  ↳ app/controllers/application_controller.rb:5
Completed 200 OK in 320ms (Views: 68.3ms | ActiveRecord: 1.1ms)


Started POST "/users" for ::1 at 2020-08-24 16:08:17 -0400
Processing by UsersController#create as HTML
  Parameters: {"authenticity_token"=>"nNaiUZl+EG428NNChPedNC+u0+7zrwED7deGQhQf8xsRelVIt+p3wBStpDLAyITZ4x7l3sKH4yqpyGg4SK0Dig==", "user"=>{"username"=>"kevin", "password"=>"[FILTERED]"}}
  [1m[35m (0.1ms)[0m  [1m[36mbegin transaction[0m
  ↳ app/controllers/users_controller.rb:10
  [1m[36mUser Exists (0.1ms)[0m  [1m[34mSELECT  1 AS one FROM "users" WHERE "users"."username" = ? LIMIT ?[0m  [["username", "kevin"], ["LIMIT", 1]]
  ↳ app/controllers/users_controller.rb:10
  [1m[36mUser Exists (0.1ms)[0m  [1m[34mSELECT  1 AS one FROM "users" WHERE "users"."session_token" = ? LIMIT ?[0m  [["session_token", "Z9J_jDCGNDO6i7O509Hr3Q"], ["LIMIT", 1]]
  ↳ app/controllers/users_controller.rb:10
  [1m[35m (0.0ms)[0m  [1m[31mrollback transaction[0m
  ↳ app/controllers/users_controller.rb:10
  Rendering users/new.html.erb within layouts/application
  Rendered users/new.html.erb within layouts/application (0.6ms)
  [1m[36mUser Load (0.1ms)[0m  [1m[34mSELECT  "users".* FROM "users" WHERE "users"."session_token" IS NULL LIMIT ?[0m  [["LIMIT", 1]]
  ↳ app/controllers/application_controller.rb:5
Completed 200 OK in 290ms (Views: 36.3ms | ActiveRecord: 0.4ms)


Started POST "/users" for ::1 at 2020-08-24 16:10:02 -0400
Processing by UsersController#create as HTML
  Parameters: {"authenticity_token"=>"HPOvC+w67DJaT88zwMlBUdo/gebo7N9N9GYRmJ3arQ2RX1gSwq6LnHgSuEOE9li8Fo+31tnEPWSwef/iwWhdnA==", "user"=>{"username"=>"kevin", "password"=>"[FILTERED]"}}
  [1m[35m (0.1ms)[0m  [1m[36mbegin transaction[0m
  ↳ app/controllers/users_controller.rb:10
  [1m[36mUser Exists (0.2ms)[0m  [1m[34mSELECT  1 AS one FROM "users" WHERE "users"."username" = ? LIMIT ?[0m  [["username", "kevin"], ["LIMIT", 1]]
  ↳ app/controllers/users_controller.rb:10
  [1m[36mUser Exists (0.1ms)[0m  [1m[34mSELECT  1 AS one FROM "users" WHERE "users"."session_token" = ? LIMIT ?[0m  [["session_token", "ifggL1OEnqJVFd3iauOuJA"], ["LIMIT", 1]]
  ↳ app/controllers/users_controller.rb:10
  [1m[35m (0.1ms)[0m  [1m[31mrollback transaction[0m
  ↳ app/controllers/users_controller.rb:10
  Rendering users/new.html.erb within layouts/application
  Rendered users/new.html.erb within layouts/application (0.5ms)
  [1m[36mUser Load (0.1ms)[0m  [1m[34mSELECT  "users".* FROM "users" WHERE "users"."session_token" IS NULL LIMIT ?[0m  [["LIMIT", 1]]
  ↳ app/controllers/application_controller.rb:5
Completed 200 OK in 315ms (Views: 51.9ms | ActiveRecord: 0.6ms)


Started POST "/users" for ::1 at 2020-08-24 16:10:04 -0400
Processing by UsersController#create as HTML
  Parameters: {"authenticity_token"=>"9RRbwT8oLbGX/k5XwvH+cQZ6VCaWSo9YX8Chi0l+Ast4uKzYEbxKH7WjOSeGzuecyspiFqdibXEb30/xFczyWg==", "user"=>{"username"=>"", "password"=>"[FILTERED]"}}
  [1m[35m (0.1ms)[0m  [1m[36mbegin transaction[0m
  ↳ app/controllers/users_controller.rb:10
  [1m[36mUser Exists (0.1ms)[0m  [1m[34mSELECT  1 AS one FROM "users" WHERE "users"."username" = ? LIMIT ?[0m  [["username", ""], ["LIMIT", 1]]
  ↳ app/controllers/users_controller.rb:10
  [1m[36mUser Exists (0.1ms)[0m  [1m[34mSELECT  1 AS one FROM "users" WHERE "users"."session_token" = ? LIMIT ?[0m  [["session_token", "PASacKJgP21K5ni05qWWSg"], ["LIMIT", 1]]
  ↳ app/controllers/users_controller.rb:10
  [1m[35m (0.1ms)[0m  [1m[31mrollback transaction[0m
  ↳ app/controllers/users_controller.rb:10
  Rendering users/new.html.erb within layouts/application
  Rendered users/new.html.erb within layouts/application (0.6ms)
  [1m[36mUser Load (0.3ms)[0m  [1m[34mSELECT  "users".* FROM "users" WHERE "users"."session_token" IS NULL LIMIT ?[0m  [["LIMIT", 1]]
  ↳ app/controllers/application_controller.rb:5
Completed 200 OK in 290ms (Views: 37.6ms | ActiveRecord: 0.7ms)


Started POST "/users" for ::1 at 2020-08-24 16:10:06 -0400
Processing by UsersController#create as HTML
  Parameters: {"authenticity_token"=>"2cMi6mPxTHSPVShLh22uTrlr2KKh8az9oMk37iF7O5NUb9XzTWUr2q0IXzvDUrejddvukpDZTtTk1tmUfcnLAg==", "user"=>{"username"=>"", "password"=>"[FILTERED]"}}
  [1m[35m (0.1ms)[0m  [1m[36mbegin transaction[0m
  ↳ app/controllers/users_controller.rb:10
  [1m[36mUser Exists (0.2ms)[0m  [1m[34mSELECT  1 AS one FROM "users" WHERE "users"."username" = ? LIMIT ?[0m  [["username", ""], ["LIMIT", 1]]
  ↳ app/controllers/users_controller.rb:10
  [1m[36mUser Exists (0.1ms)[0m  [1m[34mSELECT  1 AS one FROM "users" WHERE "users"."session_token" = ? LIMIT ?[0m  [["session_token", "F15_ASwLjRlW4q_GZKTFQg"], ["LIMIT", 1]]
  ↳ app/controllers/users_controller.rb:10
  [1m[35m (0.1ms)[0m  [1m[31mrollback transaction[0m
  ↳ app/controllers/users_controller.rb:10
  Rendering users/new.html.erb within layouts/application
  Rendered users/new.html.erb within layouts/application (0.8ms)
  [1m[36mUser Load (0.1ms)[0m  [1m[34mSELECT  "users".* FROM "users" WHERE "users"."session_token" IS NULL LIMIT ?[0m  [["LIMIT", 1]]
  ↳ app/controllers/application_controller.rb:5
Completed 200 OK in 259ms (Views: 37.5ms | ActiveRecord: 0.5ms)


Started POST "/users" for ::1 at 2020-08-24 16:10:20 -0400
Processing by UsersController#create as HTML
  Parameters: {"authenticity_token"=>"sJDi26kXt5jUbmUgduQxdRBShFdSYXDAPmRMfIHd1gA9PBXCh4PQNvYzElAy2yiY3OKyZ2NJkul6e6IG3W8mkQ==", "user"=>{"username"=>"ross", "password"=>"[FILTERED]"}}
  [1m[35m (0.1ms)[0m  [1m[36mbegin transaction[0m
  ↳ app/controllers/users_controller.rb:10
  [1m[36mUser Exists (0.6ms)[0m  [1m[34mSELECT  1 AS one FROM "users" WHERE "users"."username" = ? LIMIT ?[0m  [["username", "ross"], ["LIMIT", 1]]
  ↳ app/controllers/users_controller.rb:10
  [1m[36mUser Exists (0.1ms)[0m  [1m[34mSELECT  1 AS one FROM "users" WHERE "users"."session_token" = ? LIMIT ?[0m  [["session_token", "sD8ipkCq3hyDY2n0nnRjHg"], ["LIMIT", 1]]
  ↳ app/controllers/users_controller.rb:10
  [1m[36mUser Create (0.4ms)[0m  [1m[32mINSERT INTO "users" ("username", "password_digest", "session_token", "created_at", "updated_at") VALUES (?, ?, ?, ?, ?)[0m  [["username", "ross"], ["password_digest", "$2a$12$tOL8WI19ysora71WBdfNoexkmnuGhTbsZWtn3CWj2J38EUNvx4ut6"], ["session_token", "sD8ipkCq3hyDY2n0nnRjHg"], ["created_at", "2020-08-24 20:10:20.777513"], ["updated_at", "2020-08-24 20:10:20.777513"]]
  ↳ app/controllers/users_controller.rb:10
  [1m[35m (0.9ms)[0m  [1m[36mcommit transaction[0m
  ↳ app/controllers/users_controller.rb:10
Completed 500 Internal Server Error in 279ms (ActiveRecord: 2.0ms)


  
NoMethodError (undefined method `reset_sesession_token!' for #<User:0x00007fbb594537a8>
Did you mean?  reset_session_token!
               restore_session_token!):
  
app/controllers/application_controller.rb:18:in `login!'
app/controllers/users_controller.rb:11:in `create'
Started POST "/users" for ::1 at 2020-08-24 16:10:57 -0400
Processing by UsersController#create as HTML
  Parameters: {"authenticity_token"=>"sJDi26kXt5jUbmUgduQxdRBShFdSYXDAPmRMfIHd1gA9PBXCh4PQNvYzElAy2yiY3OKyZ2NJkul6e6IG3W8mkQ==", "user"=>{"username"=>"ross", "password"=>"[FILTERED]"}}
  [1m[35m (0.1ms)[0m  [1m[36mbegin transaction[0m
  ↳ app/controllers/users_controller.rb:10
  [1m[36mUser Exists (0.2ms)[0m  [1m[34mSELECT  1 AS one FROM "users" WHERE "users"."username" = ? LIMIT ?[0m  [["username", "ross"], ["LIMIT", 1]]
  ↳ app/controllers/users_controller.rb:10
  [1m[36mUser Exists (0.1ms)[0m  [1m[34mSELECT  1 AS one FROM "users" WHERE "users"."session_token" = ? LIMIT ?[0m  [["session_token", "IzP0IntS1zSyx7tE1AuXkw"], ["LIMIT", 1]]
  ↳ app/controllers/users_controller.rb:10
  [1m[35m (0.1ms)[0m  [1m[31mrollback transaction[0m
  ↳ app/controllers/users_controller.rb:10
  Rendering users/new.html.erb within layouts/application
  Rendered users/new.html.erb within layouts/application (0.8ms)
  [1m[36mUser Load (0.3ms)[0m  [1m[34mSELECT  "users".* FROM "users" WHERE "users"."session_token" IS NULL LIMIT ?[0m  [["LIMIT", 1]]
  ↳ app/controllers/application_controller.rb:5
Completed 200 OK in 316ms (Views: 43.4ms | ActiveRecord: 2.2ms)


Started POST "/users" for ::1 at 2020-08-24 16:11:14 -0400
Processing by UsersController#create as HTML
  Parameters: {"authenticity_token"=>"UhHip9Dq7MPgkXbvBtlAUjF5nIi9cqIz3Jo1KMAnwjbfvRW+/n6LbcLMAZ9C5lm//cmquIxaQBqYhdtSnJUypw==", "user"=>{"username"=>"rich", "password"=>"[FILTERED]"}}
  [1m[35m (0.1ms)[0m  [1m[36mbegin transaction[0m
  ↳ app/controllers/users_controller.rb:10
  [1m[36mUser Exists (0.1ms)[0m  [1m[34mSELECT  1 AS one FROM "users" WHERE "users"."username" = ? LIMIT ?[0m  [["username", "rich"], ["LIMIT", 1]]
  ↳ app/controllers/users_controller.rb:10
  [1m[36mUser Exists (0.1ms)[0m  [1m[34mSELECT  1 AS one FROM "users" WHERE "users"."session_token" = ? LIMIT ?[0m  [["session_token", "GE96DUT-IQ-cmTzRg_JK0w"], ["LIMIT", 1]]
  ↳ app/controllers/users_controller.rb:10
  [1m[36mUser Create (0.8ms)[0m  [1m[32mINSERT INTO "users" ("username", "password_digest", "session_token", "created_at", "updated_at") VALUES (?, ?, ?, ?, ?)[0m  [["username", "rich"], ["password_digest", "$2a$12$vv7GewiuXt5.SrlgfrLGFu9HCdByAuQzwZ90N1UD3lEaVlaPhgquW"], ["session_token", "GE96DUT-IQ-cmTzRg_JK0w"], ["created_at", "2020-08-24 20:11:14.868041"], ["updated_at", "2020-08-24 20:11:14.868041"]]
  ↳ app/controllers/users_controller.rb:10
  [1m[35m (1.2ms)[0m  [1m[36mcommit transaction[0m
  ↳ app/controllers/users_controller.rb:10
  [1m[35m (0.0ms)[0m  [1m[36mbegin transaction[0m
  ↳ app/models/user.rb:55
  [1m[36mUser Exists (0.1ms)[0m  [1m[34mSELECT  1 AS one FROM "users" WHERE "users"."username" = ? AND "users"."id" != ? LIMIT ?[0m  [["username", "rich"], ["id", 3], ["LIMIT", 1]]
  ↳ app/models/user.rb:55
  [1m[36mUser Exists (0.1ms)[0m  [1m[34mSELECT  1 AS one FROM "users" WHERE "users"."session_token" = ? AND "users"."id" != ? LIMIT ?[0m  [["session_token", "U5paM0_szxPPrRMXgnLG5w"], ["id", 3], ["LIMIT", 1]]
  ↳ app/models/user.rb:55
  [1m[36mUser Update (0.3ms)[0m  [1m[33mUPDATE "users" SET "session_token" = ?, "updated_at" = ? WHERE "users"."id" = ?[0m  [["session_token", "U5paM0_szxPPrRMXgnLG5w"], ["updated_at", "2020-08-24 20:11:14.873031"], ["id", 3]]
  ↳ app/models/user.rb:55
  [1m[35m (0.8ms)[0m  [1m[36mcommit transaction[0m
  ↳ app/models/user.rb:55
Redirected to http://localhost:3000/users/3
Completed 302 Found in 249ms (ActiveRecord: 3.6ms)


Started GET "/users/3" for ::1 at 2020-08-24 16:11:14 -0400
Processing by UsersController#show as HTML
  Parameters: {"id"=>"3"}
  [1m[36mUser Load (0.2ms)[0m  [1m[34mSELECT  "users".* FROM "users" WHERE "users"."id" = ? LIMIT ?[0m  [["id", 3], ["LIMIT", 1]]
  ↳ app/controllers/users_controller.rb:20
  Rendering users/show.html.erb within layouts/application
  [1m[36mSub Load (0.1ms)[0m  [1m[34mSELECT "subs".* FROM "subs" WHERE "subs"."user_id" = ?[0m  [["user_id", 3]]
  ↳ app/views/users/show.html.erb:3
  Rendered users/show.html.erb within layouts/application (17.7ms)
  [1m[36mUser Load (0.2ms)[0m  [1m[34mSELECT  "users".* FROM "users" WHERE "users"."session_token" = ? LIMIT ?[0m  [["session_token", "U5paM0_szxPPrRMXgnLG5w"], ["LIMIT", 1]]
  ↳ app/controllers/application_controller.rb:5
Completed 200 OK in 67ms (Views: 62.1ms | ActiveRecord: 0.8ms)


Started GET "/users/3" for ::1 at 2020-08-24 16:11:47 -0400
Processing by UsersController#show as HTML
  Parameters: {"id"=>"3"}
  [1m[36mUser Load (0.4ms)[0m  [1m[34mSELECT  "users".* FROM "users" WHERE "users"."id" = ? LIMIT ?[0m  [["id", 3], ["LIMIT", 1]]
  ↳ app/controllers/users_controller.rb:20
  Rendering users/show.html.erb within layouts/application
  [1m[36mSub Load (0.1ms)[0m  [1m[34mSELECT "subs".* FROM "subs" WHERE "subs"."user_id" = ?[0m  [["user_id", 3]]
  ↳ app/views/users/show.html.erb:3
  Rendered users/show.html.erb within layouts/application (1.4ms)
  [1m[36mUser Load (0.1ms)[0m  [1m[34mSELECT  "users".* FROM "users" WHERE "users"."session_token" = ? LIMIT ?[0m  [["session_token", "U5paM0_szxPPrRMXgnLG5w"], ["LIMIT", 1]]
  ↳ app/controllers/application_controller.rb:5
Completed 200 OK in 52ms (Views: 50.7ms | ActiveRecord: 0.6ms)


Started GET "/" for ::1 at 2020-08-24 16:51:55 -0400
Processing by SubsController#index as HTML
  [1m[36mUser Load (0.3ms)[0m  [1m[34mSELECT  "users".* FROM "users" WHERE "users"."session_token" = ? LIMIT ?[0m  [["session_token", "U5paM0_szxPPrRMXgnLG5w"], ["LIMIT", 1]]
  ↳ app/controllers/application_controller.rb:5
  Rendering subs/index.html.erb within layouts/application
  Rendered subs/index.html.erb within layouts/application (0.3ms)
Completed 200 OK in 61ms (Views: 60.2ms | ActiveRecord: 0.3ms)


Started GET "/" for ::1 at 2020-08-24 16:51:56 -0400
Processing by SubsController#index as HTML
  [1m[36mUser Load (0.1ms)[0m  [1m[34mSELECT  "users".* FROM "users" WHERE "users"."session_token" = ? LIMIT ?[0m  [["session_token", "U5paM0_szxPPrRMXgnLG5w"], ["LIMIT", 1]]
  ↳ app/controllers/application_controller.rb:5
  Rendering subs/index.html.erb within layouts/application
  Rendered subs/index.html.erb within layouts/application (0.4ms)
Completed 200 OK in 38ms (Views: 36.3ms | ActiveRecord: 0.1ms)


Started GET "/" for ::1 at 2020-08-24 16:51:57 -0400
Processing by SubsController#index as HTML
  [1m[36mUser Load (0.1ms)[0m  [1m[34mSELECT  "users".* FROM "users" WHERE "users"."session_token" = ? LIMIT ?[0m  [["session_token", "U5paM0_szxPPrRMXgnLG5w"], ["LIMIT", 1]]
  ↳ app/controllers/application_controller.rb:5
  Rendering subs/index.html.erb within layouts/application
  Rendered subs/index.html.erb within layouts/application (0.3ms)
Completed 200 OK in 38ms (Views: 37.0ms | ActiveRecord: 0.1ms)


Started DELETE "/session" for ::1 at 2020-08-24 16:51:58 -0400
Processing by SessionsController#destroy as HTML
  Parameters: {"authenticity_token"=>"mwPT4uVv2T9SRko12oLU2W2Wr82MOX/OCwpIKGBe0fwWryT7y/u+kXAbPUWevc00oSaZ/b0RnedPFaZSPOwhbQ=="}
  [1m[36mUser Load (0.1ms)[0m  [1m[34mSELECT  "users".* FROM "users" WHERE "users"."session_token" = ? LIMIT ?[0m  [["session_token", "U5paM0_szxPPrRMXgnLG5w"], ["LIMIT", 1]]
  ↳ app/controllers/application_controller.rb:5
  [1m[35m (0.1ms)[0m  [1m[36mbegin transaction[0m
  ↳ app/models/user.rb:55
  [1m[36mUser Exists (0.1ms)[0m  [1m[34mSELECT  1 AS one FROM "users" WHERE "users"."username" = ? AND "users"."id" != ? LIMIT ?[0m  [["username", "rich"], ["id", 3], ["LIMIT", 1]]
  ↳ app/models/user.rb:55
  [1m[36mUser Exists (0.1ms)[0m  [1m[34mSELECT  1 AS one FROM "users" WHERE "users"."session_token" = ? AND "users"."id" != ? LIMIT ?[0m  [["session_token", "WNYIYPUgt1W8OZmbjOcZNw"], ["id", 3], ["LIMIT", 1]]
  ↳ app/models/user.rb:55
  [1m[36mUser Update (0.5ms)[0m  [1m[33mUPDATE "users" SET "session_token" = ?, "updated_at" = ? WHERE "users"."id" = ?[0m  [["session_token", "WNYIYPUgt1W8OZmbjOcZNw"], ["updated_at", "2020-08-24 20:51:58.086578"], ["id", 3]]
  ↳ app/models/user.rb:55
  [1m[35m (0.7ms)[0m  [1m[36mcommit transaction[0m
  ↳ app/models/user.rb:55
Redirected to http://localhost:3000/session/new
Completed 302 Found in 6ms (ActiveRecord: 1.7ms)


Started GET "/session/new" for ::1 at 2020-08-24 16:51:58 -0400
Processing by SessionsController#new as HTML
  Rendering sessions/new.html.erb within layouts/application
  Rendered sessions/new.html.erb within layouts/application (0.7ms)
  [1m[36mUser Load (0.2ms)[0m  [1m[34mSELECT  "users".* FROM "users" WHERE "users"."session_token" IS NULL LIMIT ?[0m  [["LIMIT", 1]]
  ↳ app/controllers/application_controller.rb:5
Completed 200 OK in 36ms (Views: 35.6ms | ActiveRecord: 0.2ms)


Started GET "/" for ::1 at 2020-08-24 16:51:58 -0400
Processing by SubsController#index as HTML
  [1m[36mUser Load (0.1ms)[0m  [1m[34mSELECT  "users".* FROM "users" WHERE "users"."session_token" IS NULL LIMIT ?[0m  [["LIMIT", 1]]
  ↳ app/controllers/application_controller.rb:5
Redirected to http://localhost:3000/session/new
Filter chain halted as :ensure_logged_in rendered or redirected
Completed 302 Found in 1ms (ActiveRecord: 0.1ms)


Started GET "/session/new" for ::1 at 2020-08-24 16:51:58 -0400
Processing by SessionsController#new as HTML
  Rendering sessions/new.html.erb within layouts/application
  Rendered sessions/new.html.erb within layouts/application (0.5ms)
  [1m[36mUser Load (0.1ms)[0m  [1m[34mSELECT  "users".* FROM "users" WHERE "users"."session_token" IS NULL LIMIT ?[0m  [["LIMIT", 1]]
  ↳ app/controllers/application_controller.rb:5
Completed 200 OK in 28ms (Views: 27.9ms | ActiveRecord: 0.1ms)


Started GET "/session/new" for ::1 at 2020-08-24 16:55:02 -0400
Processing by SessionsController#new as HTML
  Rendering sessions/new.html.erb within layouts/application
  Rendered sessions/new.html.erb within layouts/application (5.9ms)
  [1m[36mUser Load (0.1ms)[0m  [1m[34mSELECT  "users".* FROM "users" WHERE "users"."session_token" IS NULL LIMIT ?[0m  [["LIMIT", 1]]
  ↳ app/controllers/application_controller.rb:5
Completed 200 OK in 44ms (Views: 43.0ms | ActiveRecord: 0.1ms)


Started POST "/session" for ::1 at 2020-08-24 16:55:09 -0400
Processing by SessionsController#create as HTML
  Parameters: {"authenticity_token"=>"GPU8pVO/3CNVlvaU+xFRrU1EL9wpxB2ZP1qicUNaIpyVWcu8fSu7jXfLgeS/LkhAgfQZ7Bjs/7B7RUwLH+jSDQ==", "user"=>{"username"=>"kevin", "password"=>"[FILTERED]"}}
  [1m[36mUser Load (0.2ms)[0m  [1m[34mSELECT  "users".* FROM "users" WHERE "users"."username" = ? LIMIT ?[0m  [["username", "kevin"], ["LIMIT", 1]]
  ↳ app/models/user.rb:31
Redirected to http://localhost:3000/users/1
Completed 302 Found in 211ms (ActiveRecord: 0.2ms)


Started GET "/users/1" for ::1 at 2020-08-24 16:55:09 -0400
Processing by UsersController#show as HTML
  Parameters: {"id"=>"1"}
  [1m[36mUser Load (0.1ms)[0m  [1m[34mSELECT  "users".* FROM "users" WHERE "users"."id" = ? LIMIT ?[0m  [["id", 1], ["LIMIT", 1]]
  ↳ app/controllers/users_controller.rb:20
  Rendering users/show.html.erb within layouts/application
  [1m[36mSub Load (0.4ms)[0m  [1m[34mSELECT "subs".* FROM "subs" WHERE "subs"."user_id" = ?[0m  [["user_id", 1]]
  ↳ app/views/users/show.html.erb:7
  Rendered users/show.html.erb within layouts/application (2.0ms)
  [1m[36mUser Load (0.2ms)[0m  [1m[34mSELECT  "users".* FROM "users" WHERE "users"."session_token" IS NULL LIMIT ?[0m  [["LIMIT", 1]]
  ↳ app/controllers/application_controller.rb:5
Completed 200 OK in 34ms (Views: 32.5ms | ActiveRecord: 0.8ms)


Started GET "/subs/new?authenticity_token=RJCKlwxbL78p83v7WJcKkADS0%2Bgh%2BPWfyGJzJiy9nerJPH2OIs9IEQuuDIscqBN9zGLl2BDQF7aMfZ1ccA9tew%3D%3D" for ::1 at 2020-08-24 16:55:12 -0400
Processing by SubsController#new as HTML
  Parameters: {"authenticity_token"=>"RJCKlwxbL78p83v7WJcKkADS0+gh+PWfyGJzJiy9nerJPH2OIs9IEQuuDIscqBN9zGLl2BDQF7aMfZ1ccA9tew=="}
  [1m[36mUser Load (0.1ms)[0m  [1m[34mSELECT  "users".* FROM "users" WHERE "users"."session_token" IS NULL LIMIT ?[0m  [["LIMIT", 1]]
  ↳ app/controllers/application_controller.rb:5
Redirected to http://localhost:3000/session/new
Filter chain halted as :ensure_logged_in rendered or redirected
Completed 302 Found in 1ms (ActiveRecord: 0.1ms)


Started GET "/session/new" for ::1 at 2020-08-24 16:55:12 -0400
Processing by SessionsController#new as HTML
  Rendering sessions/new.html.erb within layouts/application
  Rendered sessions/new.html.erb within layouts/application (0.6ms)
  [1m[36mUser Load (0.1ms)[0m  [1m[34mSELECT  "users".* FROM "users" WHERE "users"."session_token" IS NULL LIMIT ?[0m  [["LIMIT", 1]]
  ↳ app/controllers/application_controller.rb:5
Completed 200 OK in 34ms (Views: 33.1ms | ActiveRecord: 0.1ms)


Started POST "/session" for ::1 at 2020-08-24 16:55:18 -0400
Processing by SessionsController#create as HTML
  Parameters: {"authenticity_token"=>"mcuCbNF2H2a6Ye6JVqAjLo43nX2jNjt8+eQSbJRkZh8UZ3V1/+J4yJg8mfkSnzrDQoerTZIe2VW9+/wWyNaWjg==", "user"=>{"username"=>"kevin", "password"=>"[FILTERED]"}}
  [1m[36mUser Load (0.1ms)[0m  [1m[34mSELECT  "users".* FROM "users" WHERE "users"."username" = ? LIMIT ?[0m  [["username", "kevin"], ["LIMIT", 1]]
  ↳ app/models/user.rb:31
Redirected to http://localhost:3000/users/1
Completed 302 Found in 236ms (ActiveRecord: 0.1ms)


Started GET "/users/1" for ::1 at 2020-08-24 16:55:18 -0400
Processing by UsersController#show as HTML
  Parameters: {"id"=>"1"}
  [1m[36mUser Load (0.1ms)[0m  [1m[34mSELECT  "users".* FROM "users" WHERE "users"."id" = ? LIMIT ?[0m  [["id", 1], ["LIMIT", 1]]
  ↳ app/controllers/users_controller.rb:20
  Rendering users/show.html.erb within layouts/application
  [1m[36mSub Load (0.2ms)[0m  [1m[34mSELECT "subs".* FROM "subs" WHERE "subs"."user_id" = ?[0m  [["user_id", 1]]
  ↳ app/views/users/show.html.erb:7
  Rendered users/show.html.erb within layouts/application (2.9ms)
  [1m[36mUser Load (0.1ms)[0m  [1m[34mSELECT  "users".* FROM "users" WHERE "users"."session_token" IS NULL LIMIT ?[0m  [["LIMIT", 1]]
  ↳ app/controllers/application_controller.rb:5
Completed 200 OK in 37ms (Views: 35.6ms | ActiveRecord: 0.4ms)


Started GET "/subs/new?authenticity_token=uWoUAawZORGp4rP8C2PaxfKq9%2B95GIc1cz8PUpPjI%2F00xuMYgo1ev4u%2FxIxPXMMoPhrB30gwZRw3IOEoz1HTbA%3D%3D" for ::1 at 2020-08-24 16:55:19 -0400
Processing by SubsController#new as HTML
  Parameters: {"authenticity_token"=>"uWoUAawZORGp4rP8C2PaxfKq9+95GIc1cz8PUpPjI/00xuMYgo1ev4u/xIxPXMMoPhrB30gwZRw3IOEoz1HTbA=="}
  [1m[36mUser Load (0.1ms)[0m  [1m[34mSELECT  "users".* FROM "users" WHERE "users"."session_token" IS NULL LIMIT ?[0m  [["LIMIT", 1]]
  ↳ app/controllers/application_controller.rb:5
Redirected to http://localhost:3000/session/new
Filter chain halted as :ensure_logged_in rendered or redirected
Completed 302 Found in 1ms (ActiveRecord: 0.1ms)


Started GET "/session/new" for ::1 at 2020-08-24 16:55:19 -0400
Processing by SessionsController#new as HTML
  Rendering sessions/new.html.erb within layouts/application
  Rendered sessions/new.html.erb within layouts/application (0.7ms)
  [1m[36mUser Load (0.1ms)[0m  [1m[34mSELECT  "users".* FROM "users" WHERE "users"."session_token" IS NULL LIMIT ?[0m  [["LIMIT", 1]]
  ↳ app/controllers/application_controller.rb:5
Completed 200 OK in 37ms (Views: 36.0ms | ActiveRecord: 0.1ms)


Started GET "/users/new?authenticity_token=9oad4neC28V7HnUijem%2BuIINN%2FYMRen%2ByxVICUlDFP97Kmr7WRa8a1lDAlLJ1qdVTr0Bxj1tC9ePCqZzFfHkbg%3D%3D" for ::1 at 2020-08-24 16:55:21 -0400
Processing by UsersController#new as HTML
  Parameters: {"authenticity_token"=>"9oad4neC28V7HnUijem+uIINN/YMRen+yxVICUlDFP97Kmr7WRa8a1lDAlLJ1qdVTr0Bxj1tC9ePCqZzFfHkbg=="}
  Rendering users/new.html.erb within layouts/application
  Rendered users/new.html.erb within layouts/application (0.5ms)
  [1m[36mUser Load (0.1ms)[0m  [1m[34mSELECT  "users".* FROM "users" WHERE "users"."session_token" IS NULL LIMIT ?[0m  [["LIMIT", 1]]
  ↳ app/controllers/application_controller.rb:5
Completed 200 OK in 46ms (Views: 44.9ms | ActiveRecord: 0.1ms)


Started GET "/" for ::1 at 2020-08-24 16:55:23 -0400
Processing by SubsController#index as HTML
  [1m[36mUser Load (0.5ms)[0m  [1m[34mSELECT  "users".* FROM "users" WHERE "users"."session_token" IS NULL LIMIT ?[0m  [["LIMIT", 1]]
  ↳ app/controllers/application_controller.rb:5
Redirected to http://localhost:3000/session/new
Filter chain halted as :ensure_logged_in rendered or redirected
Completed 302 Found in 2ms (ActiveRecord: 0.5ms)


Started GET "/session/new" for ::1 at 2020-08-24 16:55:23 -0400
Processing by SessionsController#new as HTML
  Rendering sessions/new.html.erb within layouts/application
  Rendered sessions/new.html.erb within layouts/application (0.6ms)
  [1m[36mUser Load (0.1ms)[0m  [1m[34mSELECT  "users".* FROM "users" WHERE "users"."session_token" IS NULL LIMIT ?[0m  [["LIMIT", 1]]
  ↳ app/controllers/application_controller.rb:5
Completed 200 OK in 35ms (Views: 34.3ms | ActiveRecord: 0.1ms)


Started GET "/session/new" for ::1 at 2020-08-24 16:57:45 -0400
Processing by SessionsController#new as HTML
  Rendering sessions/new.html.erb within layouts/application
  Rendered sessions/new.html.erb within layouts/application (1.1ms)
  [1m[36mUser Load (0.1ms)[0m  [1m[34mSELECT  "users".* FROM "users" WHERE "users"."session_token" IS NULL LIMIT ?[0m  [["LIMIT", 1]]
  ↳ app/controllers/application_controller.rb:5
Completed 200 OK in 55ms (Views: 53.7ms | ActiveRecord: 0.4ms)


Started POST "/session" for ::1 at 2020-08-24 16:57:50 -0400
Processing by SessionsController#create as HTML
  Parameters: {"authenticity_token"=>"TW4fWNybIKapAqSrtKrRSNR64pdWL08YZ97rSLN5x9fAwuhB8g9HCItf09vwlcilGMrUp2cHrTEjwQUy78s3Rg==", "user"=>{"username"=>"kevin", "password"=>"[FILTERED]"}}
  [1m[36mUser Load (0.2ms)[0m  [1m[34mSELECT  "users".* FROM "users" WHERE "users"."username" = ? LIMIT ?[0m  [["username", "kevin"], ["LIMIT", 1]]
  ↳ app/models/user.rb:31
  [1m[35m (0.1ms)[0m  [1m[36mbegin transaction[0m
  ↳ app/models/user.rb:55
  [1m[36mUser Exists (0.2ms)[0m  [1m[34mSELECT  1 AS one FROM "users" WHERE "users"."username" = ? AND "users"."id" != ? LIMIT ?[0m  [["username", "kevin"], ["id", 1], ["LIMIT", 1]]
  ↳ app/models/user.rb:55
  [1m[36mUser Exists (0.1ms)[0m  [1m[34mSELECT  1 AS one FROM "users" WHERE "users"."session_token" = ? AND "users"."id" != ? LIMIT ?[0m  [["session_token", "o0UNJ90o3JK8g9nMWuaWCQ"], ["id", 1], ["LIMIT", 1]]
  ↳ app/models/user.rb:55
  [1m[36mUser Update (0.3ms)[0m  [1m[33mUPDATE "users" SET "session_token" = ?, "updated_at" = ? WHERE "users"."id" = ?[0m  [["session_token", "o0UNJ90o3JK8g9nMWuaWCQ"], ["updated_at", "2020-08-24 20:57:51.227713"], ["id", 1]]
  ↳ app/models/user.rb:55
  [1m[35m (1.6ms)[0m  [1m[36mcommit transaction[0m
  ↳ app/models/user.rb:55
Redirected to http://localhost:3000/users/1
Completed 302 Found in 263ms (ActiveRecord: 2.8ms)


Started GET "/users/1" for ::1 at 2020-08-24 16:57:51 -0400
Processing by UsersController#show as HTML
  Parameters: {"id"=>"1"}
  [1m[36mUser Load (0.3ms)[0m  [1m[34mSELECT  "users".* FROM "users" WHERE "users"."id" = ? LIMIT ?[0m  [["id", 1], ["LIMIT", 1]]
  ↳ app/controllers/users_controller.rb:20
  Rendering users/show.html.erb within layouts/application
  [1m[36mSub Load (0.2ms)[0m  [1m[34mSELECT "subs".* FROM "subs" WHERE "subs"."user_id" = ?[0m  [["user_id", 1]]
  ↳ app/views/users/show.html.erb:7
  Rendered users/show.html.erb within layouts/application (5.8ms)
  [1m[36mUser Load (0.6ms)[0m  [1m[34mSELECT  "users".* FROM "users" WHERE "users"."session_token" = ? LIMIT ?[0m  [["session_token", "o0UNJ90o3JK8g9nMWuaWCQ"], ["LIMIT", 1]]
  ↳ app/controllers/application_controller.rb:5
Completed 200 OK in 50ms (Views: 46.9ms | ActiveRecord: 1.4ms)


Started GET "/subs/new?authenticity_token=j9InHKt3B2OO0NjpHu7sZYJ0wamneF1CwZEUU55OqoMCftAFheNgzayNr5la0fWITsT3mZZQv2uFjvopwvxaEg%3D%3D" for ::1 at 2020-08-24 16:57:52 -0400
Processing by SubsController#new as HTML
  Parameters: {"authenticity_token"=>"j9InHKt3B2OO0NjpHu7sZYJ0wamneF1CwZEUU55OqoMCftAFheNgzayNr5la0fWITsT3mZZQv2uFjvopwvxaEg=="}
  [1m[36mUser Load (0.1ms)[0m  [1m[34mSELECT  "users".* FROM "users" WHERE "users"."session_token" = ? LIMIT ?[0m  [["session_token", "o0UNJ90o3JK8g9nMWuaWCQ"], ["LIMIT", 1]]
  ↳ app/controllers/application_controller.rb:5
  Rendering subs/new.html.erb within layouts/application
  Rendered subs/new.html.erb within layouts/application (0.6ms)
Completed 200 OK in 48ms (Views: 36.4ms | ActiveRecord: 0.4ms)


Started POST "/subs" for ::1 at 2020-08-24 16:58:12 -0400
Processing by SubsController#create as HTML
  Parameters: {"authenticity_token"=>"6xfmQLblUoadYjRpnBIU9DVM3qxXIlX9wSLHxu/ZTBxmuxFZmHE1KL8/QxnYLQ0Z+fzonGYKt9SFPSm8s2u8jQ==", "sub"=>{"title"=>"Ask Reddit", "description"=>"AMA Redditors"}}
  [1m[36mUser Load (0.5ms)[0m  [1m[34mSELECT  "users".* FROM "users" WHERE "users"."session_token" = ? LIMIT ?[0m  [["session_token", "o0UNJ90o3JK8g9nMWuaWCQ"], ["LIMIT", 1]]
  ↳ app/controllers/application_controller.rb:5
  [1m[35m (0.1ms)[0m  [1m[36mbegin transaction[0m
  ↳ app/controllers/subs_controller.rb:18
  [1m[36mUser Load (0.1ms)[0m  [1m[34mSELECT  "users".* FROM "users" WHERE "users"."id" = ? LIMIT ?[0m  [["id", 1], ["LIMIT", 1]]
  ↳ app/controllers/subs_controller.rb:18
  [1m[36mSub Create (0.4ms)[0m  [1m[32mINSERT INTO "subs" ("title", "description", "user_id", "created_at", "updated_at") VALUES (?, ?, ?, ?, ?)[0m  [["title", "Ask Reddit"], ["description", "AMA Redditors"], ["user_id", 1], ["created_at", "2020-08-24 20:58:12.885217"], ["updated_at", "2020-08-24 20:58:12.885217"]]
  ↳ app/controllers/subs_controller.rb:18
  [1m[35m (0.9ms)[0m  [1m[36mcommit transaction[0m
  ↳ app/controllers/subs_controller.rb:18
  Rendering subs/show.html.erb within layouts/application
  [1m[36mPost Load (0.3ms)[0m  [1m[34mSELECT "posts".* FROM "posts" WHERE "posts"."sub_id" = ?[0m  [["sub_id", 1]]
  ↳ app/views/subs/show.html.erb:10
  Rendered subs/show.html.erb within layouts/application (6.8ms)
Completed 200 OK in 64ms (Views: 52.5ms | ActiveRecord: 2.5ms)


Started GET "/posts/new?authenticity_token=Sa93gRmbmDqr2K%2BDFzU1yR7psekGT4zcoYTIAT95PWLEA4CYNw%2F%2FlImF2PNTCiwk0lmH2TdnbvXlmyZ7Y8vN8w%3D%3D" for ::1 at 2020-08-24 16:58:15 -0400
Processing by PostsController#new as HTML
  Parameters: {"authenticity_token"=>"Sa93gRmbmDqr2K+DFzU1yR7psekGT4zcoYTIAT95PWLEA4CYNw//lImF2PNTCiwk0lmH2TdnbvXlmyZ7Y8vN8w=="}
  [1m[36mUser Load (0.1ms)[0m  [1m[34mSELECT  "users".* FROM "users" WHERE "users"."session_token" = ? LIMIT ?[0m  [["session_token", "o0UNJ90o3JK8g9nMWuaWCQ"], ["LIMIT", 1]]
  ↳ app/controllers/application_controller.rb:5
  Rendering posts/new.html.erb within layouts/application
  [1m[36mSub Load (0.3ms)[0m  [1m[34mSELECT "subs".* FROM "subs"[0m
  ↳ app/views/posts/new.html.erb:17
  Rendered posts/new.html.erb within layouts/application (2.1ms)
Completed 200 OK in 47ms (Views: 39.6ms | ActiveRecord: 0.7ms)


Started POST "/posts" for ::1 at 2020-08-24 16:58:47 -0400
Processing by PostsController#create as HTML
  Parameters: {"authenticity_token"=>"fADsnLipSMyZsVYEuRiGoCiWCnUsKohq4hMRQDfhziDxrBuFlj0vYrvsIXT9J59N5CY8RR0CakOmDP86a1M+sQ==", "post"=>{"title"=>"Hi I'm Kevin AMA", "url"=>"", "content"=>" Ask me about my life", "sub_ids"=>["1"]}}
  [1m[36mUser Load (0.1ms)[0m  [1m[34mSELECT  "users".* FROM "users" WHERE "users"."session_token" = ? LIMIT ?[0m  [["session_token", "o0UNJ90o3JK8g9nMWuaWCQ"], ["LIMIT", 1]]
  ↳ app/controllers/application_controller.rb:5
Unpermitted parameter: :sub_ids
  [1m[35m (0.0ms)[0m  [1m[36mbegin transaction[0m
  ↳ app/controllers/posts_controller.rb:44
  [1m[36mUser Load (0.1ms)[0m  [1m[34mSELECT  "users".* FROM "users" WHERE "users"."id" = ? LIMIT ?[0m  [["id", 1], ["LIMIT", 1]]
  ↳ app/controllers/posts_controller.rb:44
  [1m[35m (0.1ms)[0m  [1m[31mrollback transaction[0m
  ↳ app/controllers/posts_controller.rb:44
Completed 500 Internal Server Error in 90ms (ActiveRecord: 0.4ms)


  
NoMethodError (undefined method `new_sub_post' for #<PostsController:0x00007fbb5f8194e0>
Did you mean?  new_sub_path):
  
app/controllers/posts_controller.rb:48:in `create'
